mode: set
github.com/act3-ai/gnoci/cmd/git-lfs-remote-oci/main.go:20.31,22.19 2 0
github.com/act3-ai/gnoci/cmd/git-lfs-remote-oci/main.go:22.19,24.3 1 0
github.com/act3-ai/gnoci/cmd/git-lfs-remote-oci/main.go:25.2,25.13 1 0
github.com/act3-ai/gnoci/cmd/git-lfs-remote-oci/main.go:28.13,51.66 6 0
github.com/act3-ai/gnoci/cmd/git-lfs-remote-oci/main.go:51.66,57.30 5 0
github.com/act3-ai/gnoci/cmd/git-lfs-remote-oci/main.go:57.30,59.4 1 0
github.com/act3-ai/gnoci/cmd/git-lfs-remote-oci/main.go:63.2,63.65 1 0
github.com/act3-ai/gnoci/cmd/git-lfs-remote-oci/main.go:63.65,65.3 1 0
github.com/act3-ai/gnoci/cmd/git-lfs-remote-oci/cli/git_lfs.go:11.59,13.2 1 0
github.com/act3-ai/gnoci/cmd/git-remote-oci/cli/gitoci.go:11.56,13.2 1 0
github.com/act3-ai/gnoci/cmd/git-remote-oci/main.go:20.31,22.19 2 0
github.com/act3-ai/gnoci/cmd/git-remote-oci/main.go:22.19,24.3 1 0
github.com/act3-ai/gnoci/cmd/git-remote-oci/main.go:25.2,25.13 1 0
github.com/act3-ai/gnoci/cmd/git-remote-oci/main.go:28.13,51.66 6 0
github.com/act3-ai/gnoci/cmd/git-remote-oci/main.go:51.66,57.30 5 0
github.com/act3-ai/gnoci/cmd/git-remote-oci/main.go:57.30,59.4 1 0
github.com/act3-ai/gnoci/cmd/git-remote-oci/main.go:63.2,63.65 1 0
github.com/act3-ai/gnoci/cmd/git-remote-oci/main.go:63.65,65.3 1 0
github.com/act3-ai/gnoci/internal/cmd/batch.go:64.62,69.2 1 1
github.com/act3-ai/gnoci/internal/cmd/batch.go:72.58,74.9 2 1
github.com/act3-ai/gnoci/internal/cmd/batch.go:75.32,76.78 1 0
github.com/act3-ai/gnoci/internal/cmd/batch.go:77.11,79.29 1 0
github.com/act3-ai/gnoci/internal/cmd/batch.go:80.10,84.17 4 1
github.com/act3-ai/gnoci/internal/cmd/batch.go:84.17,86.4 1 0
github.com/act3-ai/gnoci/internal/cmd/batch.go:87.3,87.18 1 1
github.com/act3-ai/gnoci/internal/cmd/batch.go:92.65,94.18 2 0
github.com/act3-ai/gnoci/internal/cmd/batch.go:94.18,97.16 3 0
github.com/act3-ai/gnoci/internal/cmd/batch.go:97.16,98.9 1 0
github.com/act3-ai/gnoci/internal/cmd/batch.go:100.3,101.17 2 0
github.com/act3-ai/gnoci/internal/cmd/batch.go:101.17,103.4 1 0
github.com/act3-ai/gnoci/internal/cmd/batch.go:104.3,104.31 1 0
github.com/act3-ai/gnoci/internal/cmd/batch.go:106.2,106.23 1 0
github.com/act3-ai/gnoci/internal/cmd/batch.go:106.23,108.3 1 0
github.com/act3-ai/gnoci/internal/cmd/batch.go:109.2,109.20 1 0
github.com/act3-ai/gnoci/internal/cmd/batch.go:113.74,114.29 1 0
github.com/act3-ai/gnoci/internal/cmd/batch.go:114.29,115.44 1 0
github.com/act3-ai/gnoci/internal/cmd/batch.go:115.44,117.4 1 0
github.com/act3-ai/gnoci/internal/cmd/batch.go:120.2,120.22 1 0
github.com/act3-ai/gnoci/internal/cmd/batch.go:124.65,126.53 2 0
github.com/act3-ai/gnoci/internal/cmd/batch.go:126.53,128.3 1 0
github.com/act3-ai/gnoci/internal/cmd/batch.go:130.2,130.12 1 0
github.com/act3-ai/gnoci/internal/cmd/batch.go:134.47,135.15 1 0
github.com/act3-ai/gnoci/internal/cmd/batch.go:135.15,136.48 1 0
github.com/act3-ai/gnoci/internal/cmd/batch.go:136.48,138.4 1 0
github.com/act3-ai/gnoci/internal/cmd/batch.go:141.2,141.38 1 0
github.com/act3-ai/gnoci/internal/cmd/batch.go:141.38,143.3 1 0
github.com/act3-ai/gnoci/internal/cmd/batch.go:145.2,145.12 1 0
github.com/act3-ai/gnoci/internal/cmd/batch.go:150.59,152.21 2 1
github.com/act3-ai/gnoci/internal/cmd/batch.go:152.21,156.3 1 1
github.com/act3-ai/gnoci/internal/cmd/batch.go:158.2,159.13 2 1
github.com/act3-ai/gnoci/internal/cmd/batch.go:160.20,163.9 1 1
github.com/act3-ai/gnoci/internal/cmd/batch.go:164.14,165.53 1 1
github.com/act3-ai/gnoci/internal/cmd/batch.go:165.53,167.4 1 0
github.com/act3-ai/gnoci/internal/cmd/batch.go:169.3,173.9 1 1
github.com/act3-ai/gnoci/internal/cmd/batch.go:174.12,178.22 2 0
github.com/act3-ai/gnoci/internal/cmd/batch.go:178.22,180.4 1 0
github.com/act3-ai/gnoci/internal/cmd/batch.go:181.3,181.18 1 0
github.com/act3-ai/gnoci/internal/cmd/batch.go:182.12,183.22 1 0
github.com/act3-ai/gnoci/internal/cmd/batch.go:183.22,185.4 1 0
github.com/act3-ai/gnoci/internal/cmd/batch.go:186.3,189.9 1 0
github.com/act3-ai/gnoci/internal/cmd/batch.go:190.13,191.22 1 0
github.com/act3-ai/gnoci/internal/cmd/batch.go:191.22,193.4 1 0
github.com/act3-ai/gnoci/internal/cmd/batch.go:194.3,197.9 1 0
github.com/act3-ai/gnoci/internal/cmd/batch.go:198.10,199.65 1 0
github.com/act3-ai/gnoci/internal/cmd/capabilities.go:23.74,26.59 3 0
github.com/act3-ai/gnoci/internal/cmd/capabilities.go:26.59,28.3 1 0
github.com/act3-ai/gnoci/internal/cmd/capabilities.go:29.2,29.12 1 0
github.com/act3-ai/gnoci/internal/cmd/commands.go:51.31,53.2 1 0
github.com/act3-ai/gnoci/internal/cmd/commands.go:56.42,58.2 1 0
github.com/act3-ai/gnoci/internal/cmd/fetch.go:17.134,18.42 1 0
github.com/act3-ai/gnoci/internal/cmd/fetch.go:18.42,20.3 1 0
github.com/act3-ai/gnoci/internal/cmd/fetch.go:23.2,24.25 2 0
github.com/act3-ai/gnoci/internal/cmd/fetch.go:24.25,26.17 2 0
github.com/act3-ai/gnoci/internal/cmd/fetch.go:26.17,28.4 1 0
github.com/act3-ai/gnoci/internal/cmd/fetch.go:31.3,32.17 2 0
github.com/act3-ai/gnoci/internal/cmd/fetch.go:32.17,34.4 1 0
github.com/act3-ai/gnoci/internal/cmd/fetch.go:35.3,35.33 1 0
github.com/act3-ai/gnoci/internal/cmd/fetch.go:41.2,41.31 1 0
github.com/act3-ai/gnoci/internal/cmd/fetch.go:41.31,43.17 2 0
github.com/act3-ai/gnoci/internal/cmd/fetch.go:43.17,45.4 1 0
github.com/act3-ai/gnoci/internal/cmd/fetch.go:46.3,52.10 3 0
github.com/act3-ai/gnoci/internal/cmd/fetch.go:52.10,54.4 1 0
github.com/act3-ai/gnoci/internal/cmd/fetch.go:55.3,56.62 2 0
github.com/act3-ai/gnoci/internal/cmd/fetch.go:56.62,58.4 1 0
github.com/act3-ai/gnoci/internal/cmd/fetch.go:59.3,59.36 1 0
github.com/act3-ai/gnoci/internal/cmd/fetch.go:59.36,61.4 1 0
github.com/act3-ai/gnoci/internal/cmd/fetch.go:63.2,65.38 2 0
github.com/act3-ai/gnoci/internal/cmd/fetch.go:65.38,67.3 1 0
github.com/act3-ai/gnoci/internal/cmd/fetch.go:71.2,71.12 1 0
github.com/act3-ai/gnoci/internal/cmd/fetch.go:75.53,76.21 1 0
github.com/act3-ai/gnoci/internal/cmd/fetch.go:76.21,78.3 1 0
github.com/act3-ai/gnoci/internal/cmd/fetch.go:79.2,82.93 3 0
github.com/act3-ai/gnoci/internal/cmd/list.go:16.120,19.30 3 0
github.com/act3-ai/gnoci/internal/cmd/list.go:19.30,22.17 2 0
github.com/act3-ai/gnoci/internal/cmd/list.go:22.17,25.4 1 0
github.com/act3-ai/gnoci/internal/cmd/list.go:25.9,27.4 1 0
github.com/act3-ai/gnoci/internal/cmd/list.go:33.2,33.38 1 0
github.com/act3-ai/gnoci/internal/cmd/list.go:33.38,35.99 1 0
github.com/act3-ai/gnoci/internal/cmd/list.go:35.99,36.80 1 0
github.com/act3-ai/gnoci/internal/cmd/list.go:36.80,38.5 1 0
github.com/act3-ai/gnoci/internal/cmd/list.go:41.3,41.73 1 0
github.com/act3-ai/gnoci/internal/cmd/list.go:41.73,43.4 1 0
github.com/act3-ai/gnoci/internal/cmd/list.go:47.2,47.37 1 0
github.com/act3-ai/gnoci/internal/cmd/list.go:47.37,48.73 1 0
github.com/act3-ai/gnoci/internal/cmd/list.go:48.73,50.4 1 0
github.com/act3-ai/gnoci/internal/cmd/list.go:53.2,53.38 1 0
github.com/act3-ai/gnoci/internal/cmd/list.go:53.38,55.3 1 0
github.com/act3-ai/gnoci/internal/cmd/list.go:57.2,57.12 1 0
github.com/act3-ai/gnoci/internal/cmd/options.go:24.63,33.9 4 0
github.com/act3-ai/gnoci/internal/cmd/options.go:34.45,36.23 2 0
github.com/act3-ai/gnoci/internal/cmd/options.go:37.18,39.23 2 0
github.com/act3-ai/gnoci/internal/cmd/options.go:40.10,42.14 2 0
github.com/act3-ai/gnoci/internal/cmd/options.go:45.2,45.45 1 0
github.com/act3-ai/gnoci/internal/cmd/options.go:45.45,47.3 1 0
github.com/act3-ai/gnoci/internal/cmd/options.go:49.2,49.39 1 0
github.com/act3-ai/gnoci/internal/cmd/options.go:49.39,51.3 1 0
github.com/act3-ai/gnoci/internal/cmd/options.go:52.2,52.12 1 0
github.com/act3-ai/gnoci/internal/cmd/options.go:55.53,58.18 2 0
github.com/act3-ai/gnoci/internal/cmd/options.go:59.23,60.27 1 0
github.com/act3-ai/gnoci/internal/cmd/options.go:61.10,63.65 1 0
github.com/act3-ai/gnoci/internal/cmd/options.go:68.37,69.20 1 0
github.com/act3-ai/gnoci/internal/cmd/options.go:69.20,71.3 1 0
github.com/act3-ai/gnoci/internal/cmd/options.go:72.2,75.16 3 0
github.com/act3-ai/gnoci/internal/cmd/options.go:75.16,77.3 1 0
github.com/act3-ai/gnoci/internal/cmd/options.go:79.2,80.9 2 0
github.com/act3-ai/gnoci/internal/cmd/options.go:81.16,82.24 1 0
github.com/act3-ai/gnoci/internal/cmd/options.go:83.16,84.23 1 0
github.com/act3-ai/gnoci/internal/cmd/options.go:85.16,86.23 1 0
github.com/act3-ai/gnoci/internal/cmd/options.go:87.10,88.24 1 0
github.com/act3-ai/gnoci/internal/cmd/options.go:91.2,93.12 2 0
github.com/act3-ai/gnoci/internal/cmd/options.go:97.63,98.22 1 1
github.com/act3-ai/gnoci/internal/cmd/options.go:98.22,103.3 2 0
github.com/act3-ai/gnoci/internal/cmd/options.go:104.2,104.12 1 1
github.com/act3-ai/gnoci/internal/cmd/push.go:24.156,30.16 3 0
github.com/act3-ai/gnoci/internal/cmd/push.go:30.16,32.3 1 0
github.com/act3-ai/gnoci/internal/cmd/push.go:35.2,36.16 2 0
github.com/act3-ai/gnoci/internal/cmd/push.go:36.16,38.3 1 0
github.com/act3-ai/gnoci/internal/cmd/push.go:39.2,39.15 1 0
github.com/act3-ai/gnoci/internal/cmd/push.go:39.15,40.46 1 0
github.com/act3-ai/gnoci/internal/cmd/push.go:40.46,42.4 1 0
github.com/act3-ai/gnoci/internal/cmd/push.go:45.2,46.16 2 0
github.com/act3-ai/gnoci/internal/cmd/push.go:46.16,48.3 1 0
github.com/act3-ai/gnoci/internal/cmd/push.go:50.2,51.16 2 0
github.com/act3-ai/gnoci/internal/cmd/push.go:51.16,53.3 1 0
github.com/act3-ai/gnoci/internal/cmd/push.go:56.2,57.16 2 0
github.com/act3-ai/gnoci/internal/cmd/push.go:57.16,59.3 1 0
github.com/act3-ai/gnoci/internal/cmd/push.go:62.2,63.9 2 0
github.com/act3-ai/gnoci/internal/cmd/push.go:64.57,66.114 1 0
github.com/act3-ai/gnoci/internal/cmd/push.go:67.18,68.66 1 0
github.com/act3-ai/gnoci/internal/cmd/push.go:72.2,72.70 1 0
github.com/act3-ai/gnoci/internal/cmd/push.go:72.70,74.3 1 0
github.com/act3-ai/gnoci/internal/cmd/push.go:76.2,77.16 2 0
github.com/act3-ai/gnoci/internal/cmd/push.go:77.16,79.3 1 0
github.com/act3-ai/gnoci/internal/cmd/push.go:80.2,82.55 2 0
github.com/act3-ai/gnoci/internal/cmd/push.go:82.55,84.3 1 0
github.com/act3-ai/gnoci/internal/cmd/push.go:86.2,86.12 1 0
github.com/act3-ai/gnoci/internal/cmd/push.go:92.147,99.25 5 0
github.com/act3-ai/gnoci/internal/cmd/push.go:99.25,101.17 2 0
github.com/act3-ai/gnoci/internal/cmd/push.go:101.17,103.12 2 0
github.com/act3-ai/gnoci/internal/cmd/push.go:106.3,107.56 2 0
github.com/act3-ai/gnoci/internal/cmd/push.go:107.56,109.12 2 0
github.com/act3-ai/gnoci/internal/cmd/push.go:111.3,111.17 1 0
github.com/act3-ai/gnoci/internal/cmd/push.go:111.17,113.12 2 0
github.com/act3-ai/gnoci/internal/cmd/push.go:116.3,116.10 1 0
github.com/act3-ai/gnoci/internal/cmd/push.go:117.67,119.57 2 0
github.com/act3-ai/gnoci/internal/cmd/push.go:119.57,121.13 2 0
github.com/act3-ai/gnoci/internal/cmd/push.go:123.4,123.18 1 0
github.com/act3-ai/gnoci/internal/cmd/push.go:123.18,125.13 2 0
github.com/act3-ai/gnoci/internal/cmd/push.go:127.65,128.15 1 0
github.com/act3-ai/gnoci/internal/cmd/push.go:129.73,131.15 2 0
github.com/act3-ai/gnoci/internal/cmd/push.go:132.73,133.22 1 0
github.com/act3-ai/gnoci/internal/cmd/push.go:133.22,137.13 3 0
github.com/act3-ai/gnoci/internal/cmd/push.go:140.4,141.57 2 0
github.com/act3-ai/gnoci/internal/cmd/push.go:141.57,143.13 2 0
github.com/act3-ai/gnoci/internal/cmd/push.go:145.4,145.18 1 0
github.com/act3-ai/gnoci/internal/cmd/push.go:145.18,147.13 2 0
github.com/act3-ai/gnoci/internal/cmd/push.go:149.11,149.11 0 0
github.com/act3-ai/gnoci/internal/cmd/push.go:155.3,155.52 1 0
github.com/act3-ai/gnoci/internal/cmd/push.go:158.2,159.36 2 0
github.com/act3-ai/gnoci/internal/cmd/push.go:159.36,161.3 1 0
github.com/act3-ai/gnoci/internal/cmd/push.go:162.2,164.48 2 0
github.com/act3-ai/gnoci/internal/cmd/push.go:169.118,174.35 4 0
github.com/act3-ai/gnoci/internal/cmd/push.go:174.35,176.3 1 0
github.com/act3-ai/gnoci/internal/cmd/push.go:178.2,178.34 1 0
github.com/act3-ai/gnoci/internal/cmd/push.go:178.34,181.3 1 0
github.com/act3-ai/gnoci/internal/cmd/push.go:183.2,184.16 2 0
github.com/act3-ai/gnoci/internal/cmd/push.go:184.16,186.3 1 0
github.com/act3-ai/gnoci/internal/cmd/push.go:188.2,188.30 1 0
github.com/act3-ai/gnoci/internal/cmd/push.go:216.98,219.9 2 0
github.com/act3-ai/gnoci/internal/cmd/push.go:219.9,221.3 1 0
github.com/act3-ai/gnoci/internal/cmd/push.go:222.2,223.16 2 0
github.com/act3-ai/gnoci/internal/cmd/push.go:223.16,225.3 1 0
github.com/act3-ai/gnoci/internal/cmd/push.go:226.2,231.16 4 0
github.com/act3-ai/gnoci/internal/cmd/push.go:231.16,233.3 1 0
github.com/act3-ai/gnoci/internal/cmd/push.go:235.2,235.15 1 0
github.com/act3-ai/gnoci/internal/cmd/push.go:240.88,241.19 1 0
github.com/act3-ai/gnoci/internal/cmd/push.go:241.19,243.3 1 0
github.com/act3-ai/gnoci/internal/cmd/push.go:245.2,246.16 2 0
github.com/act3-ai/gnoci/internal/cmd/push.go:246.16,248.3 1 0
github.com/act3-ai/gnoci/internal/cmd/push.go:250.2,251.17 2 0
github.com/act3-ai/gnoci/internal/cmd/push.go:251.17,253.3 1 0
github.com/act3-ai/gnoci/internal/cmd/push.go:254.2,258.35 4 0
github.com/act3-ai/gnoci/internal/cmd/push.go:258.35,261.3 2 0
github.com/act3-ai/gnoci/internal/cmd/push.go:263.2,263.82 1 0
github.com/act3-ai/gnoci/internal/cmd/push.go:267.72,268.8 1 0
github.com/act3-ai/gnoci/internal/cmd/push.go:268.8,270.3 1 0
github.com/act3-ai/gnoci/internal/cmd/push.go:271.2,271.55 1 0
github.com/act3-ai/gnoci/internal/ociutil/model/modeler.go:75.84,81.2 1 1
github.com/act3-ai/gnoci/internal/ociutil/model/modeler.go:103.50,104.15 1 1
github.com/act3-ai/gnoci/internal/ociutil/model/modeler.go:104.15,107.3 2 1
github.com/act3-ai/gnoci/internal/ociutil/model/modeler.go:109.2,112.16 4 1
github.com/act3-ai/gnoci/internal/ociutil/model/modeler.go:112.16,114.3 1 1
github.com/act3-ai/gnoci/internal/ociutil/model/modeler.go:116.2,118.16 3 1
github.com/act3-ai/gnoci/internal/ociutil/model/modeler.go:118.16,120.3 1 0
github.com/act3-ai/gnoci/internal/ociutil/model/modeler.go:122.2,122.55 1 1
github.com/act3-ai/gnoci/internal/ociutil/model/modeler.go:122.55,124.3 1 0
github.com/act3-ai/gnoci/internal/ociutil/model/modeler.go:126.2,128.16 3 1
github.com/act3-ai/gnoci/internal/ociutil/model/modeler.go:128.16,130.3 1 0
github.com/act3-ai/gnoci/internal/ociutil/model/modeler.go:132.2,132.55 1 1
github.com/act3-ai/gnoci/internal/ociutil/model/modeler.go:132.55,134.3 1 0
github.com/act3-ai/gnoci/internal/ociutil/model/modeler.go:136.2,139.12 3 1
github.com/act3-ai/gnoci/internal/ociutil/model/modeler.go:142.39,144.2 1 1
github.com/act3-ai/gnoci/internal/ociutil/model/modeler.go:146.59,148.9 2 1
github.com/act3-ai/gnoci/internal/ociutil/model/modeler.go:149.42,166.17 8 1
github.com/act3-ai/gnoci/internal/ociutil/model/modeler.go:166.17,168.4 1 0
github.com/act3-ai/gnoci/internal/ociutil/model/modeler.go:169.3,170.13 2 1
github.com/act3-ai/gnoci/internal/ociutil/model/modeler.go:171.18,172.57 1 0
github.com/act3-ai/gnoci/internal/ociutil/model/modeler.go:173.10,174.13 1 1
github.com/act3-ai/gnoci/internal/ociutil/model/modeler.go:178.92,181.36 2 1
github.com/act3-ai/gnoci/internal/ociutil/model/modeler.go:181.36,182.26 1 1
github.com/act3-ai/gnoci/internal/ociutil/model/modeler.go:182.26,184.18 2 1
github.com/act3-ai/gnoci/internal/ociutil/model/modeler.go:184.18,186.5 1 0
github.com/act3-ai/gnoci/internal/ociutil/model/modeler.go:187.4,187.18 1 1
github.com/act3-ai/gnoci/internal/ociutil/model/modeler.go:190.2,190.72 1 1
github.com/act3-ai/gnoci/internal/ociutil/model/modeler.go:193.91,201.34 3 1
github.com/act3-ai/gnoci/internal/ociutil/model/modeler.go:201.34,203.40 2 1
github.com/act3-ai/gnoci/internal/ociutil/model/modeler.go:203.40,205.18 2 1
github.com/act3-ai/gnoci/internal/ociutil/model/modeler.go:205.18,207.5 1 0
github.com/act3-ai/gnoci/internal/ociutil/model/modeler.go:208.4,210.51 2 1
github.com/act3-ai/gnoci/internal/ociutil/model/modeler.go:210.51,212.5 1 0
github.com/act3-ai/gnoci/internal/ociutil/model/modeler.go:214.4,214.14 1 1
github.com/act3-ai/gnoci/internal/ociutil/model/modeler.go:218.2,218.33 1 1
github.com/act3-ai/gnoci/internal/ociutil/model/modeler.go:218.33,220.3 1 0
github.com/act3-ai/gnoci/internal/ociutil/model/modeler.go:222.2,223.16 2 1
github.com/act3-ai/gnoci/internal/ociutil/model/modeler.go:223.16,225.3 1 0
github.com/act3-ai/gnoci/internal/ociutil/model/modeler.go:226.2,228.16 3 1
github.com/act3-ai/gnoci/internal/ociutil/model/modeler.go:228.16,230.3 1 0
github.com/act3-ai/gnoci/internal/ociutil/model/modeler.go:232.2,241.16 4 1
github.com/act3-ai/gnoci/internal/ociutil/model/modeler.go:241.16,243.3 1 0
github.com/act3-ai/gnoci/internal/ociutil/model/modeler.go:245.2,245.19 1 1
github.com/act3-ai/gnoci/internal/ociutil/model/modeler.go:245.19,248.10 2 1
github.com/act3-ai/gnoci/internal/ociutil/model/modeler.go:249.47,250.52 1 1
github.com/act3-ai/gnoci/internal/ociutil/model/modeler.go:251.19,252.93 1 0
github.com/act3-ai/gnoci/internal/ociutil/model/modeler.go:253.11,256.18 3 0
github.com/act3-ai/gnoci/internal/ociutil/model/modeler.go:256.18,258.5 1 0
github.com/act3-ai/gnoci/internal/ociutil/model/modeler.go:262.2,262.60 1 1
github.com/act3-ai/gnoci/internal/ociutil/model/modeler.go:262.60,264.3 1 0
github.com/act3-ai/gnoci/internal/ociutil/model/modeler.go:266.2,268.21 2 1
github.com/act3-ai/gnoci/internal/ociutil/model/modeler.go:271.116,275.16 3 1
github.com/act3-ai/gnoci/internal/ociutil/model/modeler.go:275.16,277.3 1 0
github.com/act3-ai/gnoci/internal/ociutil/model/modeler.go:278.2,281.27 3 1
github.com/act3-ai/gnoci/internal/ociutil/model/modeler.go:281.27,282.60 1 1
github.com/act3-ai/gnoci/internal/ociutil/model/modeler.go:282.60,284.4 1 1
github.com/act3-ai/gnoci/internal/ociutil/model/modeler.go:287.2,289.41 2 1
github.com/act3-ai/gnoci/internal/ociutil/model/modeler.go:292.103,300.53 3 1
github.com/act3-ai/gnoci/internal/ociutil/model/modeler.go:300.53,301.30 1 1
github.com/act3-ai/gnoci/internal/ociutil/model/modeler.go:301.30,303.9 2 1
github.com/act3-ai/gnoci/internal/ociutil/model/modeler.go:307.2,307.9 1 1
github.com/act3-ai/gnoci/internal/ociutil/model/modeler.go:308.14,309.72 1 1
github.com/act3-ai/gnoci/internal/ociutil/model/modeler.go:310.29,312.13 2 1
github.com/act3-ai/gnoci/internal/ociutil/model/modeler.go:313.26,315.13 2 1
github.com/act3-ai/gnoci/internal/ociutil/model/modeler.go:316.10,318.73 2 1
github.com/act3-ai/gnoci/internal/ociutil/model/modeler.go:322.125,327.9 4 1
github.com/act3-ai/gnoci/internal/ociutil/model/modeler.go:328.26,329.35 1 1
github.com/act3-ai/gnoci/internal/ociutil/model/modeler.go:330.23,331.34 1 1
github.com/act3-ai/gnoci/internal/ociutil/model/modeler.go:332.10,333.86 1 1
github.com/act3-ai/gnoci/internal/ociutil/model/modeler.go:336.2,336.9 1 1
github.com/act3-ai/gnoci/internal/ociutil/model/modeler.go:336.9,338.3 1 1
github.com/act3-ai/gnoci/internal/ociutil/model/modeler.go:339.2,339.93 1 1
github.com/act3-ai/gnoci/internal/ociutil/model/modeler.go:342.86,345.9 2 1
github.com/act3-ai/gnoci/internal/ociutil/model/modeler.go:346.26,348.13 2 1
github.com/act3-ai/gnoci/internal/ociutil/model/modeler.go:349.23,351.13 2 1
github.com/act3-ai/gnoci/internal/ociutil/model/modeler.go:352.10,353.77 1 1
github.com/act3-ai/gnoci/internal/ociutil/model/modeler.go:357.103,360.37 1 0
github.com/act3-ai/gnoci/internal/ociutil/model/modeler.go:360.37,361.49 1 0
github.com/act3-ai/gnoci/internal/ociutil/model/modeler.go:361.49,363.18 2 0
github.com/act3-ai/gnoci/internal/ociutil/model/modeler.go:363.18,365.5 1 0
github.com/act3-ai/gnoci/internal/ociutil/model/modeler.go:367.4,368.18 2 0
github.com/act3-ai/gnoci/internal/ociutil/model/modeler.go:368.18,370.5 1 0
github.com/act3-ai/gnoci/internal/ociutil/model/modeler.go:371.4,371.18 1 0
github.com/act3-ai/gnoci/internal/ociutil/model/modeler.go:371.18,373.5 1 0
github.com/act3-ai/gnoci/internal/ociutil/model/modeler.go:377.2,377.16 1 0
github.com/act3-ai/gnoci/internal/ociutil/model/modeler.go:382.35,387.35 3 1
github.com/act3-ai/gnoci/internal/ociutil/model/modeler.go:387.35,389.30 2 1
github.com/act3-ai/gnoci/internal/ociutil/model/modeler.go:389.30,392.4 2 1
github.com/act3-ai/gnoci/internal/ociutil/model/modeler.go:394.2,394.34 1 1
github.com/act3-ai/gnoci/internal/ociutil/model/modeler.go:394.34,396.30 2 1
github.com/act3-ai/gnoci/internal/ociutil/model/modeler.go:396.30,399.4 2 1
github.com/act3-ai/gnoci/internal/ociutil/model/modeler.go:404.73,405.24 1 1
github.com/act3-ai/gnoci/internal/ociutil/model/modeler.go:405.24,407.3 1 1
github.com/act3-ai/gnoci/internal/ociutil/model/modeler.go:408.2,408.20 1 1
github.com/act3-ai/gnoci/internal/ociutil/model/modeler.go:411.72,412.23 1 1
github.com/act3-ai/gnoci/internal/ociutil/model/modeler.go:412.23,414.3 1 1
github.com/act3-ai/gnoci/internal/ociutil/model/modeler.go:415.2,415.19 1 1
github.com/act3-ai/gnoci/internal/ociutil/model/modeler_lfs.go:34.90,40.2 1 0
github.com/act3-ai/gnoci/internal/ociutil/model/modeler_lfs.go:45.53,51.9 4 1
github.com/act3-ai/gnoci/internal/ociutil/model/modeler_lfs.go:52.26,53.32 1 1
github.com/act3-ai/gnoci/internal/ociutil/model/modeler_lfs.go:54.26,55.71 1 0
github.com/act3-ai/gnoci/internal/ociutil/model/modeler_lfs.go:56.18,57.71 1 0
github.com/act3-ai/gnoci/internal/ociutil/model/modeler_lfs.go:59.2,62.16 3 0
github.com/act3-ai/gnoci/internal/ociutil/model/modeler_lfs.go:62.16,64.3 1 0
github.com/act3-ai/gnoci/internal/ociutil/model/modeler_lfs.go:66.2,66.58 1 0
github.com/act3-ai/gnoci/internal/ociutil/model/modeler_lfs.go:66.58,68.3 1 0
github.com/act3-ai/gnoci/internal/ociutil/model/modeler_lfs.go:70.2,70.12 1 0
github.com/act3-ai/gnoci/internal/ociutil/model/modeler_lfs.go:73.62,75.9 2 0
github.com/act3-ai/gnoci/internal/ociutil/model/modeler_lfs.go:76.46,79.13 3 0
github.com/act3-ai/gnoci/internal/ociutil/model/modeler_lfs.go:80.18,81.57 1 0
github.com/act3-ai/gnoci/internal/ociutil/model/modeler_lfs.go:82.10,83.13 1 0
github.com/act3-ai/gnoci/internal/ociutil/model/modeler_lfs.go:87.74,91.32 3 0
github.com/act3-ai/gnoci/internal/ociutil/model/modeler_lfs.go:91.32,93.40 2 0
github.com/act3-ai/gnoci/internal/ociutil/model/modeler_lfs.go:93.40,95.18 2 0
github.com/act3-ai/gnoci/internal/ociutil/model/modeler_lfs.go:95.18,97.5 1 0
github.com/act3-ai/gnoci/internal/ociutil/model/modeler_lfs.go:98.4,100.51 2 0
github.com/act3-ai/gnoci/internal/ociutil/model/modeler_lfs.go:100.51,102.5 1 0
github.com/act3-ai/gnoci/internal/ociutil/model/modeler_lfs.go:104.4,104.14 1 0
github.com/act3-ai/gnoci/internal/ociutil/model/modeler_lfs.go:108.2,108.33 1 0
github.com/act3-ai/gnoci/internal/ociutil/model/modeler_lfs.go:108.33,110.3 1 0
github.com/act3-ai/gnoci/internal/ociutil/model/modeler_lfs.go:125.2,135.16 4 0
github.com/act3-ai/gnoci/internal/ociutil/model/modeler_lfs.go:135.16,137.3 1 0
github.com/act3-ai/gnoci/internal/ociutil/model/modeler_lfs.go:138.2,140.24 2 0
github.com/act3-ai/gnoci/internal/ociutil/model/modeler_lfs.go:143.90,146.16 3 0
github.com/act3-ai/gnoci/internal/ociutil/model/modeler_lfs.go:146.16,148.3 1 0
github.com/act3-ai/gnoci/internal/ociutil/model/modeler_lfs.go:152.2,154.18 3 0
github.com/act3-ai/gnoci/internal/lfs/types.go:59.40,63.26 2 0
github.com/act3-ai/gnoci/internal/lfs/types.go:63.26,65.3 1 0
github.com/act3-ai/gnoci/internal/lfs/types.go:67.2,67.72 1 0
github.com/act3-ai/gnoci/internal/lfs/types.go:67.72,69.3 1 0
github.com/act3-ai/gnoci/internal/lfs/types.go:71.2,71.20 1 0
github.com/act3-ai/gnoci/internal/lfs/types.go:71.20,73.3 1 0
github.com/act3-ai/gnoci/internal/lfs/types.go:75.2,75.19 1 0
github.com/act3-ai/gnoci/internal/lfs/types.go:75.19,77.3 1 0
github.com/act3-ai/gnoci/internal/lfs/types.go:79.2,79.29 1 0
github.com/act3-ai/gnoci/internal/ociutil/httplog.go:28.81,37.13 6 0
github.com/act3-ai/gnoci/internal/ociutil/httplog.go:37.13,38.34 1 0
github.com/act3-ai/gnoci/internal/ociutil/httplog.go:38.34,43.18 3 0
github.com/act3-ai/gnoci/internal/ociutil/httplog.go:43.18,45.5 1 0
github.com/act3-ai/gnoci/internal/ociutil/httplog.go:47.4,47.48 1 0
github.com/act3-ai/gnoci/internal/ociutil/httplog.go:47.48,47.68 1 0
github.com/act3-ai/gnoci/internal/ociutil/httplog.go:50.3,58.17 6 0
github.com/act3-ai/gnoci/internal/ociutil/httplog.go:58.17,60.4 1 0
github.com/act3-ai/gnoci/internal/ociutil/httplog.go:60.9,62.4 1 0
github.com/act3-ai/gnoci/internal/ociutil/httplog.go:65.2,69.28 2 0
github.com/act3-ai/gnoci/internal/ociutil/httplog.go:69.28,75.17 4 0
github.com/act3-ai/gnoci/internal/ociutil/httplog.go:75.17,77.4 1 0
github.com/act3-ai/gnoci/internal/ociutil/httplog.go:77.9,79.4 1 0
github.com/act3-ai/gnoci/internal/ociutil/httplog.go:82.3,82.29 1 0
github.com/act3-ai/gnoci/internal/ociutil/httplog.go:85.2,85.18 1 0
github.com/act3-ai/gnoci/internal/ociutil/httplog.go:95.42,98.36 1 0
github.com/act3-ai/gnoci/internal/ociutil/httplog.go:98.36,100.32 2 0
github.com/act3-ai/gnoci/internal/ociutil/httplog.go:100.32,102.4 1 0
github.com/act3-ai/gnoci/internal/ociutil/httplog.go:105.2,106.31 2 0
github.com/act3-ai/gnoci/internal/ociutil/httplog.go:106.31,108.3 1 0
github.com/act3-ai/gnoci/internal/ociutil/httplog.go:112.38,114.16 2 0
github.com/act3-ai/gnoci/internal/ociutil/httplog.go:114.16,116.3 1 0
github.com/act3-ai/gnoci/internal/ociutil/httplog.go:117.2,119.19 3 0
github.com/act3-ai/gnoci/internal/ociutil/httplog.go:129.67,130.34 1 0
github.com/act3-ai/gnoci/internal/ociutil/httplog.go:130.34,133.3 1 0
github.com/act3-ai/gnoci/internal/ociutil/httplog.go:134.2,135.42 2 0
github.com/act3-ai/gnoci/internal/ociutil/httplog.go:135.42,137.3 1 0
github.com/act3-ai/gnoci/internal/ociutil/httplog.go:138.2,138.33 1 0
github.com/act3-ai/gnoci/internal/ociutil/httplog.go:138.33,140.3 1 0
github.com/act3-ai/gnoci/internal/ociutil/httplog.go:141.2,141.76 1 0
github.com/act3-ai/gnoci/internal/ociutil/remote.go:34.80,36.16 2 0
github.com/act3-ai/gnoci/internal/ociutil/remote.go:36.16,38.3 1 0
github.com/act3-ai/gnoci/internal/ociutil/remote.go:40.2,42.16 3 0
github.com/act3-ai/gnoci/internal/ociutil/remote.go:42.16,44.3 1 0
github.com/act3-ai/gnoci/internal/ociutil/remote.go:46.2,46.58 1 0
github.com/act3-ai/gnoci/internal/ociutil/remote.go:49.150,53.18 3 0
github.com/act3-ai/gnoci/internal/ociutil/remote.go:53.18,56.3 2 0
github.com/act3-ai/gnoci/internal/ociutil/remote.go:56.8,58.3 1 0
github.com/act3-ai/gnoci/internal/ociutil/remote.go:60.2,61.16 2 0
github.com/act3-ai/gnoci/internal/ociutil/remote.go:61.16,63.3 1 0
github.com/act3-ai/gnoci/internal/ociutil/remote.go:66.2,83.16 3 0
github.com/act3-ai/gnoci/internal/ociutil/remote.go:83.16,85.3 1 0
github.com/act3-ai/gnoci/internal/ociutil/remote.go:87.2,88.9 2 0
github.com/act3-ai/gnoci/internal/ociutil/remote.go:88.9,90.3 1 0
github.com/act3-ai/gnoci/internal/ociutil/remote.go:92.2,92.33 1 0
github.com/act3-ai/gnoci/internal/ociutil/remote.go:97.82,114.26 4 0
github.com/act3-ai/gnoci/internal/ociutil/remote.go:114.26,116.17 2 0
github.com/act3-ai/gnoci/internal/ociutil/remote.go:116.17,118.4 1 0
github.com/act3-ai/gnoci/internal/ociutil/remote.go:119.3,119.27 1 0
github.com/act3-ai/gnoci/internal/ociutil/remote.go:122.2,123.16 2 0
github.com/act3-ai/gnoci/internal/ociutil/remote.go:123.16,125.3 1 0
github.com/act3-ai/gnoci/internal/ociutil/remote.go:127.2,132.19 3 0
github.com/act3-ai/gnoci/internal/ociutil/remote.go:132.19,133.100 1 0
github.com/act3-ai/gnoci/internal/ociutil/remote.go:133.100,135.4 1 0
github.com/act3-ai/gnoci/internal/ociutil/remote.go:139.2,148.8 3 0
github.com/act3-ai/gnoci/internal/ociutil/remote.go:156.61,162.33 1 0
github.com/act3-ai/gnoci/internal/ociutil/remote.go:162.33,164.17 2 0
github.com/act3-ai/gnoci/internal/ociutil/remote.go:164.17,165.38 1 0
github.com/act3-ai/gnoci/internal/ociutil/remote.go:165.38,166.13 1 0
github.com/act3-ai/gnoci/internal/ociutil/remote.go:168.4,168.90 1 0
github.com/act3-ai/gnoci/internal/ociutil/remote.go:170.3,170.23 1 0
github.com/act3-ai/gnoci/internal/ociutil/remote.go:172.2,172.16 1 0
github.com/act3-ai/gnoci/internal/ociutil/remote.go:175.66,184.16 6 0
github.com/act3-ai/gnoci/internal/ociutil/remote.go:184.16,186.3 1 0
github.com/act3-ai/gnoci/internal/ociutil/remote.go:188.2,188.19 1 0
github.com/act3-ai/gnoci/internal/ociutil/remote.go:188.19,191.17 2 0
github.com/act3-ai/gnoci/internal/ociutil/remote.go:191.17,192.39 1 0
github.com/act3-ai/gnoci/internal/ociutil/remote.go:192.39,194.5 1 0
github.com/act3-ai/gnoci/internal/ociutil/remote.go:196.3,200.17 3 0
github.com/act3-ai/gnoci/internal/ociutil/remote.go:200.17,201.38 1 0
github.com/act3-ai/gnoci/internal/ociutil/remote.go:201.38,203.5 1 0
github.com/act3-ai/gnoci/internal/ociutil/remote.go:204.4,204.63 1 0
github.com/act3-ai/gnoci/internal/ociutil/remote.go:208.3,208.40 1 0
github.com/act3-ai/gnoci/internal/ociutil/remote.go:212.2,214.20 2 0
github.com/act3-ai/gnoci/internal/ociutil/remote.go:220.57,224.2 1 0
github.com/act3-ai/gnoci/internal/cli/git.go:13.47,20.55 1 0
github.com/act3-ai/gnoci/internal/cli/git.go:20.55,24.21 3 0
github.com/act3-ai/gnoci/internal/cli/git.go:24.21,26.5 1 0
github.com/act3-ai/gnoci/internal/cli/git.go:28.4,29.36 2 0
github.com/act3-ai/gnoci/internal/cli/git.go:33.2,33.12 1 0
github.com/act3-ai/gnoci/internal/cli/git_lfs.go:9.50,16.55 1 0
github.com/act3-ai/gnoci/internal/cli/git_lfs.go:16.55,19.4 2 0
github.com/act3-ai/gnoci/internal/cli/git_lfs.go:22.2,22.12 1 0
github.com/act3-ai/gnoci/internal/gen/main.go:14.13,15.22 1 0
github.com/act3-ai/gnoci/internal/gen/main.go:15.22,17.3 1 0
github.com/act3-ai/gnoci/internal/gen/main.go:19.2,27.16 2 0
github.com/act3-ai/gnoci/internal/gen/main.go:27.16,29.3 1 0
github.com/act3-ai/gnoci/docs/embed.go:30.22,32.16 2 0
github.com/act3-ai/gnoci/docs/embed.go:32.16,33.13 1 0
github.com/act3-ai/gnoci/docs/embed.go:36.2,36.16 1 0
github.com/act3-ai/gnoci/docs/embed.go:41.61,74.2 1 0
github.com/act3-ai/gnoci/internal/refcomp/refcompare.go:59.84,65.2 1 0
github.com/act3-ai/gnoci/internal/refcomp/refcompare.go:68.127,70.8 2 0
github.com/act3-ai/gnoci/internal/refcomp/refcompare.go:70.8,72.3 1 0
github.com/act3-ai/gnoci/internal/refcomp/refcompare.go:74.2,75.16 2 0
github.com/act3-ai/gnoci/internal/refcomp/refcompare.go:75.16,77.3 1 0
github.com/act3-ai/gnoci/internal/refcomp/refcompare.go:78.2,81.9 3 0
github.com/act3-ai/gnoci/internal/refcomp/refcompare.go:82.50,83.71 1 0
github.com/act3-ai/gnoci/internal/refcomp/refcompare.go:84.18,86.70 1 0
github.com/act3-ai/gnoci/internal/refcomp/refcompare.go:87.10,88.115 1 0
github.com/act3-ai/gnoci/internal/refcomp/refcompare.go:91.2,92.16 2 0
github.com/act3-ai/gnoci/internal/refcomp/refcompare.go:92.16,94.3 1 0
github.com/act3-ai/gnoci/internal/refcomp/refcompare.go:95.2,97.16 2 0
github.com/act3-ai/gnoci/internal/refcomp/refcompare.go:100.101,107.11 2 0
github.com/act3-ai/gnoci/internal/refcomp/refcompare.go:107.11,109.3 1 0
github.com/act3-ai/gnoci/internal/refcomp/refcompare.go:112.2,112.21 1 0
github.com/act3-ai/gnoci/internal/refcomp/refcompare.go:112.21,114.3 1 0
github.com/act3-ai/gnoci/internal/refcomp/refcompare.go:114.8,116.17 2 0
github.com/act3-ai/gnoci/internal/refcomp/refcompare.go:116.17,118.4 1 0
github.com/act3-ai/gnoci/internal/refcomp/refcompare.go:120.3,121.17 2 0
github.com/act3-ai/gnoci/internal/refcomp/refcompare.go:121.17,123.4 1 0
github.com/act3-ai/gnoci/internal/refcomp/refcompare.go:124.3,124.27 1 0
github.com/act3-ai/gnoci/internal/refcomp/refcompare.go:124.27,126.4 1 0
github.com/act3-ai/gnoci/internal/refcomp/refcompare.go:126.9,128.4 1 0
github.com/act3-ai/gnoci/internal/refcomp/refcompare.go:130.3,130.32 1 0
github.com/act3-ai/gnoci/internal/refcomp/refcompare.go:130.32,132.4 1 0
github.com/act3-ai/gnoci/internal/refcomp/refcompare.go:132.9,134.18 2 0
github.com/act3-ai/gnoci/internal/refcomp/refcompare.go:134.18,136.5 1 0
github.com/act3-ai/gnoci/internal/refcomp/refcompare.go:138.4,139.18 2 0
github.com/act3-ai/gnoci/internal/refcomp/refcompare.go:139.18,141.5 1 0
github.com/act3-ai/gnoci/internal/refcomp/refcompare.go:142.4,142.18 1 0
github.com/act3-ai/gnoci/internal/refcomp/refcompare.go:142.18,144.5 1 0
github.com/act3-ai/gnoci/internal/refcomp/refcompare.go:144.10,144.21 1 0
github.com/act3-ai/gnoci/internal/refcomp/refcompare.go:144.21,146.5 1 0
github.com/act3-ai/gnoci/internal/refcomp/refcompare.go:150.2,150.16 1 0
github.com/act3-ai/gnoci/internal/actions/init.go:17.101,19.16 2 0
github.com/act3-ai/gnoci/internal/actions/init.go:19.16,21.3 1 0
github.com/act3-ai/gnoci/internal/actions/init.go:23.2,25.16 3 0
github.com/act3-ai/gnoci/internal/actions/init.go:25.16,27.3 1 0
github.com/act3-ai/gnoci/internal/actions/init.go:29.2,30.16 2 0
github.com/act3-ai/gnoci/internal/actions/init.go:30.16,32.3 1 0
github.com/act3-ai/gnoci/internal/actions/init.go:34.2,34.36 1 0
github.com/act3-ai/gnoci/internal/actions/run_git.go:35.91,43.2 1 0
github.com/act3-ai/gnoci/internal/actions/run_git.go:46.51,48.16 2 0
github.com/act3-ai/gnoci/internal/actions/run_git.go:48.16,50.3 1 0
github.com/act3-ai/gnoci/internal/actions/run_git.go:51.2,51.15 1 0
github.com/act3-ai/gnoci/internal/actions/run_git.go:51.15,52.50 1 0
github.com/act3-ai/gnoci/internal/actions/run_git.go:52.50,54.4 1 0
github.com/act3-ai/gnoci/internal/actions/run_git.go:56.2,56.15 1 0
github.com/act3-ai/gnoci/internal/actions/run_git.go:56.15,57.40 1 0
github.com/act3-ai/gnoci/internal/actions/run_git.go:57.40,59.4 1 0
github.com/act3-ai/gnoci/internal/actions/run_git.go:62.2,65.12 3 0
github.com/act3-ai/gnoci/internal/actions/run_git.go:65.12,67.17 2 0
github.com/act3-ai/gnoci/internal/actions/run_git.go:67.17,69.4 1 0
github.com/act3-ai/gnoci/internal/actions/run_git.go:72.2,72.12 1 0
github.com/act3-ai/gnoci/internal/actions/run_git.go:76.65,78.16 2 0
github.com/act3-ai/gnoci/internal/actions/run_git.go:78.16,80.3 1 0
github.com/act3-ai/gnoci/internal/actions/run_git.go:82.2,82.16 1 0
github.com/act3-ai/gnoci/internal/actions/run_git.go:83.16,84.19 1 0
github.com/act3-ai/gnoci/internal/actions/run_git.go:85.17,86.20 1 0
github.com/act3-ai/gnoci/internal/actions/run_git.go:87.24,89.73 1 0
github.com/act3-ai/gnoci/internal/actions/run_git.go:89.73,91.4 1 0
github.com/act3-ai/gnoci/internal/actions/run_git.go:92.18,93.67 1 0
github.com/act3-ai/gnoci/internal/actions/run_git.go:93.67,95.4 1 0
github.com/act3-ai/gnoci/internal/actions/run_git.go:96.16,97.52 1 0
github.com/act3-ai/gnoci/internal/actions/run_git.go:97.52,99.4 1 0
github.com/act3-ai/gnoci/internal/actions/run_git.go:100.16,101.52 1 0
github.com/act3-ai/gnoci/internal/actions/run_git.go:101.52,103.4 1 0
github.com/act3-ai/gnoci/internal/actions/run_git.go:104.17,105.53 1 0
github.com/act3-ai/gnoci/internal/actions/run_git.go:105.53,107.4 1 0
github.com/act3-ai/gnoci/internal/actions/run_git.go:108.10,109.77 1 0
github.com/act3-ai/gnoci/internal/actions/run_git.go:112.2,112.19 1 0
github.com/act3-ai/gnoci/internal/actions/run_git.go:116.57,117.25 1 0
github.com/act3-ai/gnoci/internal/actions/run_git.go:117.25,118.26 1 0
github.com/act3-ai/gnoci/internal/actions/run_git.go:118.26,120.4 1 0
github.com/act3-ai/gnoci/internal/actions/run_git.go:121.3,123.17 3 0
github.com/act3-ai/gnoci/internal/actions/run_git.go:123.17,125.4 1 0
github.com/act3-ai/gnoci/internal/actions/run_git.go:128.2,128.26 1 0
github.com/act3-ai/gnoci/internal/actions/run_git.go:131.70,134.59 3 0
github.com/act3-ai/gnoci/internal/actions/run_git.go:134.59,136.17 2 0
github.com/act3-ai/gnoci/internal/actions/run_git.go:136.17,138.4 1 0
github.com/act3-ai/gnoci/internal/actions/run_git.go:141.2,141.58 1 0
github.com/act3-ai/gnoci/internal/actions/run_git.go:141.58,143.3 1 0
github.com/act3-ai/gnoci/internal/actions/run_git.go:145.2,145.118 1 0
github.com/act3-ai/gnoci/internal/actions/run_git.go:145.118,147.3 1 0
github.com/act3-ai/gnoci/internal/actions/run_git.go:149.2,149.12 1 0
github.com/act3-ai/gnoci/internal/actions/run_git.go:152.70,155.16 2 0
github.com/act3-ai/gnoci/internal/actions/run_git.go:155.16,157.3 1 0
github.com/act3-ai/gnoci/internal/actions/run_git.go:158.2,161.16 3 0
github.com/act3-ai/gnoci/internal/actions/run_git.go:161.16,163.3 1 0
github.com/act3-ai/gnoci/internal/actions/run_git.go:165.2,165.58 1 0
github.com/act3-ai/gnoci/internal/actions/run_git.go:165.58,167.3 1 0
github.com/act3-ai/gnoci/internal/actions/run_git.go:169.2,169.124 1 0
github.com/act3-ai/gnoci/internal/actions/run_git.go:169.124,171.3 1 0
github.com/act3-ai/gnoci/internal/actions/run_git.go:173.2,173.12 1 0
github.com/act3-ai/gnoci/internal/actions/run_git.go:176.71,178.16 2 0
github.com/act3-ai/gnoci/internal/actions/run_git.go:178.16,180.3 1 0
github.com/act3-ai/gnoci/internal/actions/run_git.go:181.2,184.16 3 0
github.com/act3-ai/gnoci/internal/actions/run_git.go:184.16,186.3 1 0
github.com/act3-ai/gnoci/internal/actions/run_git.go:188.2,188.110 1 0
github.com/act3-ai/gnoci/internal/actions/run_git.go:188.110,190.3 1 0
github.com/act3-ai/gnoci/internal/actions/run_git.go:192.2,192.12 1 0
github.com/act3-ai/gnoci/internal/actions/run_git_lfs.go:35.69,41.2 1 0
github.com/act3-ai/gnoci/internal/actions/run_git_lfs.go:44.54,47.16 3 0
github.com/act3-ai/gnoci/internal/actions/run_git_lfs.go:47.16,49.3 1 0
github.com/act3-ai/gnoci/internal/actions/run_git_lfs.go:52.2,53.55 2 0
github.com/act3-ai/gnoci/internal/actions/run_git_lfs.go:53.55,55.3 1 0
github.com/act3-ai/gnoci/internal/actions/run_git_lfs.go:57.2,57.43 1 0
github.com/act3-ai/gnoci/internal/actions/run_git_lfs.go:57.43,59.3 1 0
github.com/act3-ai/gnoci/internal/actions/run_git_lfs.go:62.2,63.16 2 0
github.com/act3-ai/gnoci/internal/actions/run_git_lfs.go:63.16,65.3 1 0
github.com/act3-ai/gnoci/internal/actions/run_git_lfs.go:68.2,69.16 2 0
github.com/act3-ai/gnoci/internal/actions/run_git_lfs.go:69.16,71.3 1 0
github.com/act3-ai/gnoci/internal/actions/run_git_lfs.go:72.2,73.25 2 0
github.com/act3-ai/gnoci/internal/actions/run_git_lfs.go:73.25,75.3 1 0
github.com/act3-ai/gnoci/internal/actions/run_git_lfs.go:76.2,82.16 6 0
github.com/act3-ai/gnoci/internal/actions/run_git_lfs.go:82.16,84.3 1 0
github.com/act3-ai/gnoci/internal/actions/run_git_lfs.go:85.2,85.15 1 0
github.com/act3-ai/gnoci/internal/actions/run_git_lfs.go:85.15,86.50 1 0
github.com/act3-ai/gnoci/internal/actions/run_git_lfs.go:86.50,88.4 1 0
github.com/act3-ai/gnoci/internal/actions/run_git_lfs.go:90.2,90.15 1 0
github.com/act3-ai/gnoci/internal/actions/run_git_lfs.go:90.15,91.40 1 0
github.com/act3-ai/gnoci/internal/actions/run_git_lfs.go:91.40,93.4 1 0
github.com/act3-ai/gnoci/internal/actions/run_git_lfs.go:96.2,98.58 2 0
github.com/act3-ai/gnoci/internal/actions/run_git_lfs.go:98.58,100.3 1 0
github.com/act3-ai/gnoci/internal/actions/run_git_lfs.go:102.2,103.61 2 0
github.com/act3-ai/gnoci/internal/actions/run_git_lfs.go:103.61,105.3 1 0
github.com/act3-ai/gnoci/internal/actions/run_git_lfs.go:107.2,109.27 2 0
github.com/act3-ai/gnoci/internal/actions/run_git_lfs.go:110.29,111.33 1 0
github.com/act3-ai/gnoci/internal/actions/run_git_lfs.go:112.27,113.31 1 0
github.com/act3-ai/gnoci/internal/actions/run_git_lfs.go:114.10,116.74 1 0
github.com/act3-ai/gnoci/internal/actions/run_git_lfs.go:120.62,123.6 2 0
github.com/act3-ai/gnoci/internal/actions/run_git_lfs.go:123.6,126.17 3 0
github.com/act3-ai/gnoci/internal/actions/run_git_lfs.go:126.17,128.4 1 0
github.com/act3-ai/gnoci/internal/actions/run_git_lfs.go:129.3,132.60 3 0
github.com/act3-ai/gnoci/internal/actions/run_git_lfs.go:132.60,134.4 1 0
github.com/act3-ai/gnoci/internal/actions/run_git_lfs.go:138.3,138.46 1 0
github.com/act3-ai/gnoci/internal/actions/run_git_lfs.go:138.46,140.9 2 0
github.com/act3-ai/gnoci/internal/actions/run_git_lfs.go:143.2,143.38 1 0
github.com/act3-ai/gnoci/internal/actions/run_git_lfs.go:146.60,155.6 2 0
github.com/act3-ai/gnoci/internal/actions/run_git_lfs.go:155.6,158.17 3 0
github.com/act3-ai/gnoci/internal/actions/run_git_lfs.go:158.17,160.4 1 0
github.com/act3-ai/gnoci/internal/actions/run_git_lfs.go:161.3,164.60 3 0
github.com/act3-ai/gnoci/internal/actions/run_git_lfs.go:164.60,167.4 1 0
github.com/act3-ai/gnoci/internal/actions/run_git_lfs.go:171.3,171.46 1 0
github.com/act3-ai/gnoci/internal/actions/run_git_lfs.go:171.46,173.9 2 0
github.com/act3-ai/gnoci/internal/actions/run_git_lfs.go:176.3,176.76 1 0
github.com/act3-ai/gnoci/internal/actions/run_git_lfs.go:176.76,178.12 2 0
github.com/act3-ai/gnoci/internal/actions/run_git_lfs.go:182.3,185.62 2 0
github.com/act3-ai/gnoci/internal/actions/run_git_lfs.go:188.2,189.16 2 0
github.com/act3-ai/gnoci/internal/actions/run_git_lfs.go:189.16,191.3 1 0
github.com/act3-ai/gnoci/internal/actions/run_git_lfs.go:193.2,193.12 1 0
github.com/act3-ai/gnoci/internal/actions/run_git_lfs.go:196.73,201.16 3 0
github.com/act3-ai/gnoci/internal/actions/run_git_lfs.go:201.16,211.17 4 0
github.com/act3-ai/gnoci/internal/actions/run_git_lfs.go:211.17,214.4 2 0
github.com/act3-ai/gnoci/internal/actions/run_git_lfs.go:217.2,217.62 1 0
github.com/act3-ai/gnoci/internal/actions/run_git_lfs.go:217.62,219.3 1 0
github.com/act3-ai/gnoci/internal/actions/run_git_lfs.go:220.2,220.84 1 0
github.com/act3-ai/gnoci/internal/actions/run_git_lfs.go:223.92,234.16 4 0
github.com/act3-ai/gnoci/internal/actions/run_git_lfs.go:234.16,237.3 2 0
github.com/act3-ai/gnoci/internal/actions/run_git_lfs.go:239.2,239.62 1 0
github.com/act3-ai/gnoci/internal/actions/run_git_lfs.go:239.62,241.3 1 0
github.com/act3-ai/gnoci/internal/actions/run_git_lfs.go:244.102,253.16 4 0
github.com/act3-ai/gnoci/internal/actions/run_git_lfs.go:253.16,258.3 1 0
github.com/act3-ai/gnoci/internal/actions/run_git_lfs.go:260.2,261.16 2 0
github.com/act3-ai/gnoci/internal/actions/run_git_lfs.go:261.16,264.3 2 0
github.com/act3-ai/gnoci/internal/actions/run_git_lfs.go:266.2,266.62 1 0
github.com/act3-ai/gnoci/internal/actions/run_git_lfs.go:266.62,268.3 1 0
github.com/act3-ai/gnoci/internal/actions/run_git_lfs.go:270.2,270.88 1 0
github.com/act3-ai/gnoci/internal/actions/run_git_lfs.go:275.50,277.9 2 0
github.com/act3-ai/gnoci/internal/actions/run_git_lfs.go:278.37,279.85 1 0
github.com/act3-ai/gnoci/internal/actions/run_git_lfs.go:280.11,282.18 1 0
github.com/act3-ai/gnoci/internal/actions/run_git_lfs.go:283.10,284.32 1 0
github.com/act3-ai/gnoci/internal/actions/run_git_lfs.go:288.38,290.2 1 0
github.com/act3-ai/gnoci/pkg/apis/utils/yaml.go:11.47,14.16 3 0
github.com/act3-ai/gnoci/pkg/apis/utils/yaml.go:14.16,16.3 1 0
github.com/act3-ai/gnoci/pkg/apis/utils/yaml.go:17.2,18.16 2 0
github.com/act3-ai/gnoci/pkg/apis/utils/yaml.go:18.16,20.3 1 0
github.com/act3-ai/gnoci/pkg/apis/utils/yaml.go:21.2,21.26 1 0
github.com/act3-ai/gnoci/pkg/apis/schemes.go:12.34,25.2 5 0
github.com/act3-ai/gnoci/pkg/apis/gnoci.act3-ai.io/v1alpha1/configuration_types.go:40.47,41.16 1 0
github.com/act3-ai/gnoci/pkg/apis/gnoci.act3-ai.io/v1alpha1/configuration_types.go:41.16,43.3 1 0
github.com/act3-ai/gnoci/pkg/apis/gnoci.act3-ai.io/v1alpha1/configuration_types.go:46.2,51.20 3 0
github.com/act3-ai/gnoci/pkg/apis/gnoci.act3-ai.io/v1alpha1/configuration_types.go:51.20,53.3 1 0
github.com/act3-ai/gnoci/pkg/apis/gnoci.act3-ai.io/v1alpha1/configuration_types.go:57.59,63.2 3 0
github.com/act3-ai/gnoci/pkg/apis/gnoci.act3-ai.io/v1alpha1/configuration_types.go:66.42,69.2 1 0
github.com/act3-ai/gnoci/pkg/apis/gnoci.act3-ai.io/v1alpha1/configuration_types.go:72.46,74.2 1 0
github.com/act3-ai/gnoci/pkg/apis/gnoci.act3-ai.io/v1alpha1/configuration_types.go:77.71,79.16 2 0
github.com/act3-ai/gnoci/pkg/apis/gnoci.act3-ai.io/v1alpha1/configuration_types.go:79.16,81.3 1 0
github.com/act3-ai/gnoci/pkg/apis/gnoci.act3-ai.io/v1alpha1/configuration_types.go:83.2,84.16 2 0
github.com/act3-ai/gnoci/pkg/apis/gnoci.act3-ai.io/v1alpha1/configuration_types.go:84.16,86.3 1 0
github.com/act3-ai/gnoci/pkg/apis/gnoci.act3-ai.io/v1alpha1/configuration_types.go:88.2,88.12 1 0
github.com/act3-ai/gnoci/pkg/apis/gnoci.act3-ai.io/v1alpha1/configuration_types.go:92.78,110.83 3 0
github.com/act3-ai/gnoci/pkg/apis/gnoci.act3-ai.io/v1alpha1/configuration_types.go:110.83,111.13 1 0
github.com/act3-ai/gnoci/pkg/apis/gnoci.act3-ai.io/v1alpha1/configuration_types.go:111.13,113.4 1 0
github.com/act3-ai/gnoci/pkg/apis/gnoci.act3-ai.io/v1alpha1/configuration_types.go:114.3,120.37 2 0
github.com/act3-ai/gnoci/pkg/apis/gnoci.act3-ai.io/v1alpha1/configuration_types.go:123.2,124.16 2 0
github.com/act3-ai/gnoci/pkg/apis/gnoci.act3-ai.io/v1alpha1/configuration_types.go:124.16,126.3 1 0
github.com/act3-ai/gnoci/pkg/apis/gnoci.act3-ai.io/v1alpha1/configuration_types.go:127.2,130.16 3 0
github.com/act3-ai/gnoci/pkg/apis/gnoci.act3-ai.io/v1alpha1/configuration_types.go:130.16,132.3 1 0
github.com/act3-ai/gnoci/pkg/apis/gnoci.act3-ai.io/v1alpha1/configuration_types.go:133.2,148.16 4 0
github.com/act3-ai/gnoci/pkg/apis/gnoci.act3-ai.io/v1alpha1/configuration_types.go:148.16,151.3 2 0
github.com/act3-ai/gnoci/pkg/apis/gnoci.act3-ai.io/v1alpha1/configuration_types.go:153.2,153.25 1 0
github.com/act3-ai/gnoci/pkg/apis/gnoci.act3-ai.io/v1alpha1/scheme.go:23.50,28.62 2 0
github.com/act3-ai/gnoci/pkg/apis/gnoci.act3-ai.io/v1alpha1/scheme.go:28.62,28.107 1 0
github.com/act3-ai/gnoci/pkg/apis/gnoci.act3-ai.io/v1alpha1/scheme.go:29.2,29.12 1 0
github.com/act3-ai/gnoci/pkg/apis/gnoci.act3-ai.io/v1alpha1/zz_generated.deepcopy.go:12.59,16.2 3 0
github.com/act3-ai/gnoci/pkg/apis/gnoci.act3-ai.io/v1alpha1/zz_generated.deepcopy.go:19.52,20.15 1 0
github.com/act3-ai/gnoci/pkg/apis/gnoci.act3-ai.io/v1alpha1/zz_generated.deepcopy.go:20.15,22.3 1 0
github.com/act3-ai/gnoci/pkg/apis/gnoci.act3-ai.io/v1alpha1/zz_generated.deepcopy.go:23.2,25.12 3 0
github.com/act3-ai/gnoci/pkg/apis/gnoci.act3-ai.io/v1alpha1/zz_generated.deepcopy.go:29.58,30.34 1 0
github.com/act3-ai/gnoci/pkg/apis/gnoci.act3-ai.io/v1alpha1/zz_generated.deepcopy.go:30.34,32.3 1 0
github.com/act3-ai/gnoci/pkg/apis/gnoci.act3-ai.io/v1alpha1/zz_generated.deepcopy.go:33.2,33.12 1 0
github.com/act3-ai/gnoci/pkg/apis/gnoci.act3-ai.io/v1alpha1/zz_generated.deepcopy.go:37.67,39.2 1 0
github.com/act3-ai/gnoci/pkg/apis/gnoci.act3-ai.io/v1alpha1/zz_generated.deepcopy.go:42.60,43.15 1 0
github.com/act3-ai/gnoci/pkg/apis/gnoci.act3-ai.io/v1alpha1/zz_generated.deepcopy.go:43.15,45.3 1 0
github.com/act3-ai/gnoci/pkg/apis/gnoci.act3-ai.io/v1alpha1/zz_generated.deepcopy.go:46.2,48.12 3 0
