mode: set
github.com/act3-ai/gnoci/internal/cmd/batch.go:64.62,69.2 1 1
github.com/act3-ai/gnoci/internal/cmd/batch.go:72.58,74.9 2 1
github.com/act3-ai/gnoci/internal/cmd/batch.go:75.32,76.78 1 0
github.com/act3-ai/gnoci/internal/cmd/batch.go:77.11,79.29 1 0
github.com/act3-ai/gnoci/internal/cmd/batch.go:80.10,84.17 4 1
github.com/act3-ai/gnoci/internal/cmd/batch.go:84.17,86.4 1 0
github.com/act3-ai/gnoci/internal/cmd/batch.go:87.3,87.18 1 1
github.com/act3-ai/gnoci/internal/cmd/batch.go:92.65,94.18 2 0
github.com/act3-ai/gnoci/internal/cmd/batch.go:94.18,97.16 3 0
github.com/act3-ai/gnoci/internal/cmd/batch.go:97.16,98.9 1 0
github.com/act3-ai/gnoci/internal/cmd/batch.go:100.3,101.17 2 0
github.com/act3-ai/gnoci/internal/cmd/batch.go:101.17,103.4 1 0
github.com/act3-ai/gnoci/internal/cmd/batch.go:104.3,104.31 1 0
github.com/act3-ai/gnoci/internal/cmd/batch.go:106.2,106.23 1 0
github.com/act3-ai/gnoci/internal/cmd/batch.go:106.23,108.3 1 0
github.com/act3-ai/gnoci/internal/cmd/batch.go:109.2,109.20 1 0
github.com/act3-ai/gnoci/internal/cmd/batch.go:113.74,114.29 1 0
github.com/act3-ai/gnoci/internal/cmd/batch.go:114.29,115.44 1 0
github.com/act3-ai/gnoci/internal/cmd/batch.go:115.44,117.4 1 0
github.com/act3-ai/gnoci/internal/cmd/batch.go:120.2,120.22 1 0
github.com/act3-ai/gnoci/internal/cmd/batch.go:124.65,126.53 2 0
github.com/act3-ai/gnoci/internal/cmd/batch.go:126.53,128.3 1 0
github.com/act3-ai/gnoci/internal/cmd/batch.go:130.2,130.12 1 0
github.com/act3-ai/gnoci/internal/cmd/batch.go:134.47,135.15 1 0
github.com/act3-ai/gnoci/internal/cmd/batch.go:135.15,136.48 1 0
github.com/act3-ai/gnoci/internal/cmd/batch.go:136.48,138.4 1 0
github.com/act3-ai/gnoci/internal/cmd/batch.go:141.2,141.38 1 0
github.com/act3-ai/gnoci/internal/cmd/batch.go:141.38,143.3 1 0
github.com/act3-ai/gnoci/internal/cmd/batch.go:145.2,145.12 1 0
github.com/act3-ai/gnoci/internal/cmd/batch.go:150.59,152.21 2 1
github.com/act3-ai/gnoci/internal/cmd/batch.go:152.21,156.3 1 1
github.com/act3-ai/gnoci/internal/cmd/batch.go:158.2,159.13 2 1
github.com/act3-ai/gnoci/internal/cmd/batch.go:160.20,163.9 1 1
github.com/act3-ai/gnoci/internal/cmd/batch.go:164.14,165.53 1 1
github.com/act3-ai/gnoci/internal/cmd/batch.go:165.53,167.4 1 0
github.com/act3-ai/gnoci/internal/cmd/batch.go:169.3,173.9 1 1
github.com/act3-ai/gnoci/internal/cmd/batch.go:174.12,178.22 2 0
github.com/act3-ai/gnoci/internal/cmd/batch.go:178.22,180.4 1 0
github.com/act3-ai/gnoci/internal/cmd/batch.go:181.3,181.18 1 0
github.com/act3-ai/gnoci/internal/cmd/batch.go:182.12,183.22 1 0
github.com/act3-ai/gnoci/internal/cmd/batch.go:183.22,185.4 1 0
github.com/act3-ai/gnoci/internal/cmd/batch.go:186.3,189.9 1 0
github.com/act3-ai/gnoci/internal/cmd/batch.go:190.13,191.22 1 0
github.com/act3-ai/gnoci/internal/cmd/batch.go:191.22,193.4 1 0
github.com/act3-ai/gnoci/internal/cmd/batch.go:194.3,197.9 1 0
github.com/act3-ai/gnoci/internal/cmd/batch.go:198.10,199.65 1 0
github.com/act3-ai/gnoci/internal/cmd/capabilities.go:23.74,26.59 3 0
github.com/act3-ai/gnoci/internal/cmd/capabilities.go:26.59,28.3 1 0
github.com/act3-ai/gnoci/internal/cmd/capabilities.go:29.2,29.12 1 0
github.com/act3-ai/gnoci/internal/cmd/commands.go:51.31,53.2 1 0
github.com/act3-ai/gnoci/internal/cmd/commands.go:56.42,58.2 1 0
github.com/act3-ai/gnoci/internal/cmd/fetch.go:17.134,18.57 1 0
github.com/act3-ai/gnoci/internal/cmd/fetch.go:18.57,20.3 1 0
github.com/act3-ai/gnoci/internal/cmd/fetch.go:23.2,24.25 2 0
github.com/act3-ai/gnoci/internal/cmd/fetch.go:24.25,26.17 2 0
github.com/act3-ai/gnoci/internal/cmd/fetch.go:26.17,28.4 1 0
github.com/act3-ai/gnoci/internal/cmd/fetch.go:31.3,32.17 2 0
github.com/act3-ai/gnoci/internal/cmd/fetch.go:32.17,34.4 1 0
github.com/act3-ai/gnoci/internal/cmd/fetch.go:35.3,35.33 1 0
github.com/act3-ai/gnoci/internal/cmd/fetch.go:41.2,41.31 1 0
github.com/act3-ai/gnoci/internal/cmd/fetch.go:41.31,44.17 3 0
github.com/act3-ai/gnoci/internal/cmd/fetch.go:44.17,46.4 1 0
github.com/act3-ai/gnoci/internal/cmd/fetch.go:47.3,53.10 3 0
github.com/act3-ai/gnoci/internal/cmd/fetch.go:53.10,55.4 1 0
github.com/act3-ai/gnoci/internal/cmd/fetch.go:56.3,57.62 2 0
github.com/act3-ai/gnoci/internal/cmd/fetch.go:57.62,59.4 1 0
github.com/act3-ai/gnoci/internal/cmd/fetch.go:60.3,60.36 1 0
github.com/act3-ai/gnoci/internal/cmd/fetch.go:60.36,62.4 1 0
github.com/act3-ai/gnoci/internal/cmd/fetch.go:64.2,66.38 2 0
github.com/act3-ai/gnoci/internal/cmd/fetch.go:66.38,68.3 1 0
github.com/act3-ai/gnoci/internal/cmd/fetch.go:72.2,72.12 1 0
github.com/act3-ai/gnoci/internal/cmd/fetch.go:76.53,77.21 1 0
github.com/act3-ai/gnoci/internal/cmd/fetch.go:77.21,79.3 1 0
github.com/act3-ai/gnoci/internal/cmd/fetch.go:80.2,83.93 3 0
github.com/act3-ai/gnoci/internal/cmd/list.go:16.120,19.30 3 0
github.com/act3-ai/gnoci/internal/cmd/list.go:19.30,22.17 2 0
github.com/act3-ai/gnoci/internal/cmd/list.go:22.17,25.4 1 0
github.com/act3-ai/gnoci/internal/cmd/list.go:25.9,27.4 1 0
github.com/act3-ai/gnoci/internal/cmd/list.go:33.2,33.38 1 0
github.com/act3-ai/gnoci/internal/cmd/list.go:33.38,35.99 1 0
github.com/act3-ai/gnoci/internal/cmd/list.go:35.99,36.80 1 0
github.com/act3-ai/gnoci/internal/cmd/list.go:36.80,38.5 1 0
github.com/act3-ai/gnoci/internal/cmd/list.go:41.3,41.73 1 0
github.com/act3-ai/gnoci/internal/cmd/list.go:41.73,43.4 1 0
github.com/act3-ai/gnoci/internal/cmd/list.go:47.2,47.37 1 0
github.com/act3-ai/gnoci/internal/cmd/list.go:47.37,48.73 1 0
github.com/act3-ai/gnoci/internal/cmd/list.go:48.73,50.4 1 0
github.com/act3-ai/gnoci/internal/cmd/list.go:53.2,53.38 1 0
github.com/act3-ai/gnoci/internal/cmd/list.go:53.38,55.3 1 0
github.com/act3-ai/gnoci/internal/cmd/list.go:57.2,57.12 1 0
github.com/act3-ai/gnoci/internal/cmd/options.go:24.63,33.9 4 0
github.com/act3-ai/gnoci/internal/cmd/options.go:34.45,36.23 2 0
github.com/act3-ai/gnoci/internal/cmd/options.go:37.18,39.23 2 0
github.com/act3-ai/gnoci/internal/cmd/options.go:40.10,42.14 2 0
github.com/act3-ai/gnoci/internal/cmd/options.go:45.2,45.45 1 0
github.com/act3-ai/gnoci/internal/cmd/options.go:45.45,47.3 1 0
github.com/act3-ai/gnoci/internal/cmd/options.go:49.2,49.39 1 0
github.com/act3-ai/gnoci/internal/cmd/options.go:49.39,51.3 1 0
github.com/act3-ai/gnoci/internal/cmd/options.go:52.2,52.12 1 0
github.com/act3-ai/gnoci/internal/cmd/options.go:55.53,58.18 2 0
github.com/act3-ai/gnoci/internal/cmd/options.go:59.23,60.27 1 0
github.com/act3-ai/gnoci/internal/cmd/options.go:61.10,63.65 1 0
github.com/act3-ai/gnoci/internal/cmd/options.go:68.37,69.20 1 0
github.com/act3-ai/gnoci/internal/cmd/options.go:69.20,71.3 1 0
github.com/act3-ai/gnoci/internal/cmd/options.go:72.2,75.16 3 0
github.com/act3-ai/gnoci/internal/cmd/options.go:75.16,77.3 1 0
github.com/act3-ai/gnoci/internal/cmd/options.go:79.2,80.9 2 0
github.com/act3-ai/gnoci/internal/cmd/options.go:81.16,82.24 1 0
github.com/act3-ai/gnoci/internal/cmd/options.go:83.16,84.23 1 0
github.com/act3-ai/gnoci/internal/cmd/options.go:85.16,86.23 1 0
github.com/act3-ai/gnoci/internal/cmd/options.go:87.10,88.24 1 0
github.com/act3-ai/gnoci/internal/cmd/options.go:91.2,93.12 2 0
github.com/act3-ai/gnoci/internal/cmd/options.go:97.63,98.22 1 1
github.com/act3-ai/gnoci/internal/cmd/options.go:98.22,103.3 2 0
github.com/act3-ai/gnoci/internal/cmd/options.go:104.2,104.12 1 1
github.com/act3-ai/gnoci/internal/cmd/push.go:24.156,30.16 3 0
github.com/act3-ai/gnoci/internal/cmd/push.go:30.16,32.3 1 0
github.com/act3-ai/gnoci/internal/cmd/push.go:35.2,36.16 2 0
github.com/act3-ai/gnoci/internal/cmd/push.go:36.16,38.3 1 0
github.com/act3-ai/gnoci/internal/cmd/push.go:39.2,39.15 1 0
github.com/act3-ai/gnoci/internal/cmd/push.go:39.15,40.46 1 0
github.com/act3-ai/gnoci/internal/cmd/push.go:40.46,42.4 1 0
github.com/act3-ai/gnoci/internal/cmd/push.go:45.2,46.16 2 0
github.com/act3-ai/gnoci/internal/cmd/push.go:46.16,48.3 1 0
github.com/act3-ai/gnoci/internal/cmd/push.go:50.2,51.16 2 0
github.com/act3-ai/gnoci/internal/cmd/push.go:51.16,53.3 1 0
github.com/act3-ai/gnoci/internal/cmd/push.go:56.2,57.16 2 0
github.com/act3-ai/gnoci/internal/cmd/push.go:57.16,59.3 1 0
github.com/act3-ai/gnoci/internal/cmd/push.go:62.2,63.9 2 0
github.com/act3-ai/gnoci/internal/cmd/push.go:64.57,66.114 1 0
github.com/act3-ai/gnoci/internal/cmd/push.go:67.18,68.66 1 0
github.com/act3-ai/gnoci/internal/cmd/push.go:72.2,72.70 1 0
github.com/act3-ai/gnoci/internal/cmd/push.go:72.70,74.3 1 0
github.com/act3-ai/gnoci/internal/cmd/push.go:76.2,77.16 2 0
github.com/act3-ai/gnoci/internal/cmd/push.go:77.16,79.3 1 0
github.com/act3-ai/gnoci/internal/cmd/push.go:80.2,82.55 2 0
github.com/act3-ai/gnoci/internal/cmd/push.go:82.55,84.3 1 0
github.com/act3-ai/gnoci/internal/cmd/push.go:86.2,86.12 1 0
github.com/act3-ai/gnoci/internal/cmd/push.go:92.147,99.25 5 0
github.com/act3-ai/gnoci/internal/cmd/push.go:99.25,101.17 2 0
github.com/act3-ai/gnoci/internal/cmd/push.go:101.17,103.12 2 0
github.com/act3-ai/gnoci/internal/cmd/push.go:106.3,107.56 2 0
github.com/act3-ai/gnoci/internal/cmd/push.go:107.56,109.12 2 0
github.com/act3-ai/gnoci/internal/cmd/push.go:111.3,111.17 1 0
github.com/act3-ai/gnoci/internal/cmd/push.go:111.17,113.12 2 0
github.com/act3-ai/gnoci/internal/cmd/push.go:116.3,116.10 1 0
github.com/act3-ai/gnoci/internal/cmd/push.go:117.67,119.57 2 0
github.com/act3-ai/gnoci/internal/cmd/push.go:119.57,121.13 2 0
github.com/act3-ai/gnoci/internal/cmd/push.go:123.4,123.18 1 0
github.com/act3-ai/gnoci/internal/cmd/push.go:123.18,125.13 2 0
github.com/act3-ai/gnoci/internal/cmd/push.go:127.65,128.15 1 0
github.com/act3-ai/gnoci/internal/cmd/push.go:129.73,131.15 2 0
github.com/act3-ai/gnoci/internal/cmd/push.go:132.73,133.22 1 0
github.com/act3-ai/gnoci/internal/cmd/push.go:133.22,137.13 3 0
github.com/act3-ai/gnoci/internal/cmd/push.go:140.4,141.57 2 0
github.com/act3-ai/gnoci/internal/cmd/push.go:141.57,143.13 2 0
github.com/act3-ai/gnoci/internal/cmd/push.go:145.4,145.18 1 0
github.com/act3-ai/gnoci/internal/cmd/push.go:145.18,147.13 2 0
github.com/act3-ai/gnoci/internal/cmd/push.go:149.11,149.11 0 0
github.com/act3-ai/gnoci/internal/cmd/push.go:155.3,155.52 1 0
github.com/act3-ai/gnoci/internal/cmd/push.go:158.2,159.36 2 0
github.com/act3-ai/gnoci/internal/cmd/push.go:159.36,161.3 1 0
github.com/act3-ai/gnoci/internal/cmd/push.go:162.2,164.48 2 0
github.com/act3-ai/gnoci/internal/cmd/push.go:169.118,174.35 4 0
github.com/act3-ai/gnoci/internal/cmd/push.go:174.35,176.3 1 0
github.com/act3-ai/gnoci/internal/cmd/push.go:178.2,178.34 1 0
github.com/act3-ai/gnoci/internal/cmd/push.go:178.34,181.3 1 0
github.com/act3-ai/gnoci/internal/cmd/push.go:183.2,184.16 2 0
github.com/act3-ai/gnoci/internal/cmd/push.go:184.16,186.3 1 0
github.com/act3-ai/gnoci/internal/cmd/push.go:188.2,188.30 1 0
github.com/act3-ai/gnoci/internal/cmd/push.go:216.98,219.9 2 0
github.com/act3-ai/gnoci/internal/cmd/push.go:219.9,221.3 1 0
github.com/act3-ai/gnoci/internal/cmd/push.go:222.2,223.16 2 0
github.com/act3-ai/gnoci/internal/cmd/push.go:223.16,225.3 1 0
github.com/act3-ai/gnoci/internal/cmd/push.go:226.2,231.16 4 0
github.com/act3-ai/gnoci/internal/cmd/push.go:231.16,233.3 1 0
github.com/act3-ai/gnoci/internal/cmd/push.go:235.2,235.15 1 0
github.com/act3-ai/gnoci/internal/cmd/push.go:240.88,241.19 1 0
github.com/act3-ai/gnoci/internal/cmd/push.go:241.19,243.3 1 0
github.com/act3-ai/gnoci/internal/cmd/push.go:245.2,246.16 2 0
github.com/act3-ai/gnoci/internal/cmd/push.go:246.16,248.3 1 0
github.com/act3-ai/gnoci/internal/cmd/push.go:250.2,251.17 2 0
github.com/act3-ai/gnoci/internal/cmd/push.go:251.17,253.3 1 0
github.com/act3-ai/gnoci/internal/cmd/push.go:254.2,258.35 4 0
github.com/act3-ai/gnoci/internal/cmd/push.go:258.35,261.3 2 0
github.com/act3-ai/gnoci/internal/cmd/push.go:263.2,263.82 1 0
github.com/act3-ai/gnoci/internal/cmd/push.go:267.72,268.8 1 0
github.com/act3-ai/gnoci/internal/cmd/push.go:268.8,270.3 1 0
github.com/act3-ai/gnoci/internal/cmd/push.go:271.2,271.55 1 0
github.com/act3-ai/gnoci/cmd/git-remote-oci/main.go:20.31,22.19 2 0
github.com/act3-ai/gnoci/cmd/git-remote-oci/main.go:22.19,24.3 1 0
github.com/act3-ai/gnoci/cmd/git-remote-oci/main.go:25.2,25.13 1 0
github.com/act3-ai/gnoci/cmd/git-remote-oci/main.go:28.13,51.66 6 0
github.com/act3-ai/gnoci/cmd/git-remote-oci/main.go:51.66,57.30 5 0
github.com/act3-ai/gnoci/cmd/git-remote-oci/main.go:57.30,59.4 1 0
github.com/act3-ai/gnoci/cmd/git-remote-oci/main.go:63.2,63.65 1 0
github.com/act3-ai/gnoci/cmd/git-remote-oci/main.go:63.65,65.3 1 0
github.com/act3-ai/gnoci/internal/cli/gitoci.go:13.44,20.55 1 0
github.com/act3-ai/gnoci/internal/cli/gitoci.go:20.55,24.21 3 0
github.com/act3-ai/gnoci/internal/cli/gitoci.go:24.21,26.5 1 0
github.com/act3-ai/gnoci/internal/cli/gitoci.go:28.4,29.36 2 0
github.com/act3-ai/gnoci/internal/cli/gitoci.go:33.2,33.12 1 0
github.com/act3-ai/gnoci/docs/embed.go:30.22,32.16 2 0
github.com/act3-ai/gnoci/docs/embed.go:32.16,33.13 1 0
github.com/act3-ai/gnoci/docs/embed.go:36.2,36.16 1 0
github.com/act3-ai/gnoci/docs/embed.go:41.61,74.2 1 0
github.com/act3-ai/gnoci/cmd/git-remote-oci/cli/gitoci.go:11.44,13.2 1 0
github.com/act3-ai/gnoci/internal/actions/run.go:37.95,45.2 1 0
github.com/act3-ai/gnoci/internal/actions/run.go:48.53,52.16 2 0
github.com/act3-ai/gnoci/internal/actions/run.go:52.16,54.3 1 0
github.com/act3-ai/gnoci/internal/actions/run.go:56.2,58.16 3 0
github.com/act3-ai/gnoci/internal/actions/run.go:58.16,60.3 1 0
github.com/act3-ai/gnoci/internal/actions/run.go:61.2,61.15 1 0
github.com/act3-ai/gnoci/internal/actions/run.go:61.15,62.50 1 0
github.com/act3-ai/gnoci/internal/actions/run.go:62.50,64.4 1 0
github.com/act3-ai/gnoci/internal/actions/run.go:67.2,68.16 2 0
github.com/act3-ai/gnoci/internal/actions/run.go:68.16,70.3 1 0
github.com/act3-ai/gnoci/internal/actions/run.go:71.2,71.15 1 0
github.com/act3-ai/gnoci/internal/actions/run.go:71.15,72.40 1 0
github.com/act3-ai/gnoci/internal/actions/run.go:72.40,74.4 1 0
github.com/act3-ai/gnoci/internal/actions/run.go:77.2,80.12 3 0
github.com/act3-ai/gnoci/internal/actions/run.go:80.12,82.17 2 0
github.com/act3-ai/gnoci/internal/actions/run.go:82.17,84.4 1 0
github.com/act3-ai/gnoci/internal/actions/run.go:87.2,87.12 1 0
github.com/act3-ai/gnoci/internal/actions/run.go:91.67,93.16 2 0
github.com/act3-ai/gnoci/internal/actions/run.go:93.16,95.3 1 0
github.com/act3-ai/gnoci/internal/actions/run.go:97.2,97.16 1 0
github.com/act3-ai/gnoci/internal/actions/run.go:98.16,99.19 1 0
github.com/act3-ai/gnoci/internal/actions/run.go:100.17,101.20 1 0
github.com/act3-ai/gnoci/internal/actions/run.go:102.24,104.73 1 0
github.com/act3-ai/gnoci/internal/actions/run.go:104.73,106.4 1 0
github.com/act3-ai/gnoci/internal/actions/run.go:107.18,108.67 1 0
github.com/act3-ai/gnoci/internal/actions/run.go:108.67,110.4 1 0
github.com/act3-ai/gnoci/internal/actions/run.go:111.16,112.52 1 0
github.com/act3-ai/gnoci/internal/actions/run.go:112.52,114.4 1 0
github.com/act3-ai/gnoci/internal/actions/run.go:115.16,116.52 1 0
github.com/act3-ai/gnoci/internal/actions/run.go:116.52,118.4 1 0
github.com/act3-ai/gnoci/internal/actions/run.go:119.17,120.53 1 0
github.com/act3-ai/gnoci/internal/actions/run.go:120.53,122.4 1 0
github.com/act3-ai/gnoci/internal/actions/run.go:123.10,124.77 1 0
github.com/act3-ai/gnoci/internal/actions/run.go:127.2,127.19 1 0
github.com/act3-ai/gnoci/internal/actions/run.go:131.59,132.25 1 0
github.com/act3-ai/gnoci/internal/actions/run.go:132.25,133.26 1 0
github.com/act3-ai/gnoci/internal/actions/run.go:133.26,135.4 1 0
github.com/act3-ai/gnoci/internal/actions/run.go:136.3,138.17 3 0
github.com/act3-ai/gnoci/internal/actions/run.go:138.17,140.4 1 0
github.com/act3-ai/gnoci/internal/actions/run.go:143.2,143.26 1 0
github.com/act3-ai/gnoci/internal/actions/run.go:146.72,149.59 3 0
github.com/act3-ai/gnoci/internal/actions/run.go:149.59,151.17 2 0
github.com/act3-ai/gnoci/internal/actions/run.go:151.17,153.4 1 0
github.com/act3-ai/gnoci/internal/actions/run.go:156.2,156.73 1 0
github.com/act3-ai/gnoci/internal/actions/run.go:156.73,158.3 1 0
github.com/act3-ai/gnoci/internal/actions/run.go:160.2,160.118 1 0
github.com/act3-ai/gnoci/internal/actions/run.go:160.118,162.3 1 0
github.com/act3-ai/gnoci/internal/actions/run.go:164.2,164.12 1 0
github.com/act3-ai/gnoci/internal/actions/run.go:167.72,170.16 2 0
github.com/act3-ai/gnoci/internal/actions/run.go:170.16,172.3 1 0
github.com/act3-ai/gnoci/internal/actions/run.go:173.2,176.16 3 0
github.com/act3-ai/gnoci/internal/actions/run.go:176.16,178.3 1 0
github.com/act3-ai/gnoci/internal/actions/run.go:180.2,180.73 1 0
github.com/act3-ai/gnoci/internal/actions/run.go:180.73,182.3 1 0
github.com/act3-ai/gnoci/internal/actions/run.go:184.2,184.123 1 0
github.com/act3-ai/gnoci/internal/actions/run.go:184.123,186.3 1 0
github.com/act3-ai/gnoci/internal/actions/run.go:188.2,188.12 1 0
github.com/act3-ai/gnoci/internal/actions/run.go:191.73,193.16 2 0
github.com/act3-ai/gnoci/internal/actions/run.go:193.16,195.3 1 0
github.com/act3-ai/gnoci/internal/actions/run.go:196.2,199.16 3 0
github.com/act3-ai/gnoci/internal/actions/run.go:199.16,201.3 1 0
github.com/act3-ai/gnoci/internal/actions/run.go:203.2,203.109 1 0
github.com/act3-ai/gnoci/internal/actions/run.go:203.109,205.3 1 0
github.com/act3-ai/gnoci/internal/actions/run.go:207.2,207.12 1 0
github.com/act3-ai/gnoci/pkg/apis/schemes.go:12.34,25.2 5 0
github.com/act3-ai/gnoci/internal/gen/main.go:14.13,15.22 1 0
github.com/act3-ai/gnoci/internal/gen/main.go:15.22,17.3 1 0
github.com/act3-ai/gnoci/internal/gen/main.go:19.2,27.16 2 0
github.com/act3-ai/gnoci/internal/gen/main.go:27.16,29.3 1 0
github.com/act3-ai/gnoci/internal/refcomp/refcompare.go:59.84,65.2 1 0
github.com/act3-ai/gnoci/internal/refcomp/refcompare.go:68.127,70.8 2 0
github.com/act3-ai/gnoci/internal/refcomp/refcompare.go:70.8,72.3 1 0
github.com/act3-ai/gnoci/internal/refcomp/refcompare.go:74.2,75.16 2 0
github.com/act3-ai/gnoci/internal/refcomp/refcompare.go:75.16,77.3 1 0
github.com/act3-ai/gnoci/internal/refcomp/refcompare.go:78.2,81.9 3 0
github.com/act3-ai/gnoci/internal/refcomp/refcompare.go:82.50,83.71 1 0
github.com/act3-ai/gnoci/internal/refcomp/refcompare.go:84.18,86.70 1 0
github.com/act3-ai/gnoci/internal/refcomp/refcompare.go:87.10,88.115 1 0
github.com/act3-ai/gnoci/internal/refcomp/refcompare.go:91.2,92.16 2 0
github.com/act3-ai/gnoci/internal/refcomp/refcompare.go:92.16,94.3 1 0
github.com/act3-ai/gnoci/internal/refcomp/refcompare.go:95.2,97.16 2 0
github.com/act3-ai/gnoci/internal/refcomp/refcompare.go:100.101,107.11 2 0
github.com/act3-ai/gnoci/internal/refcomp/refcompare.go:107.11,109.3 1 0
github.com/act3-ai/gnoci/internal/refcomp/refcompare.go:112.2,112.21 1 0
github.com/act3-ai/gnoci/internal/refcomp/refcompare.go:112.21,114.3 1 0
github.com/act3-ai/gnoci/internal/refcomp/refcompare.go:114.8,116.17 2 0
github.com/act3-ai/gnoci/internal/refcomp/refcompare.go:116.17,118.4 1 0
github.com/act3-ai/gnoci/internal/refcomp/refcompare.go:120.3,121.17 2 0
github.com/act3-ai/gnoci/internal/refcomp/refcompare.go:121.17,123.4 1 0
github.com/act3-ai/gnoci/internal/refcomp/refcompare.go:124.3,124.27 1 0
github.com/act3-ai/gnoci/internal/refcomp/refcompare.go:124.27,126.4 1 0
github.com/act3-ai/gnoci/internal/refcomp/refcompare.go:126.9,128.4 1 0
github.com/act3-ai/gnoci/internal/refcomp/refcompare.go:130.3,130.32 1 0
github.com/act3-ai/gnoci/internal/refcomp/refcompare.go:130.32,132.4 1 0
github.com/act3-ai/gnoci/internal/refcomp/refcompare.go:132.9,134.18 2 0
github.com/act3-ai/gnoci/internal/refcomp/refcompare.go:134.18,136.5 1 0
github.com/act3-ai/gnoci/internal/refcomp/refcompare.go:138.4,139.18 2 0
github.com/act3-ai/gnoci/internal/refcomp/refcompare.go:139.18,141.5 1 0
github.com/act3-ai/gnoci/internal/refcomp/refcompare.go:142.4,142.18 1 0
github.com/act3-ai/gnoci/internal/refcomp/refcompare.go:142.18,144.5 1 0
github.com/act3-ai/gnoci/internal/refcomp/refcompare.go:144.10,144.21 1 0
github.com/act3-ai/gnoci/internal/refcomp/refcompare.go:144.21,146.5 1 0
github.com/act3-ai/gnoci/internal/refcomp/refcompare.go:150.2,150.16 1 0
github.com/act3-ai/gnoci/internal/ociutil/model/modeler.go:75.66,80.2 1 0
github.com/act3-ai/gnoci/internal/ociutil/model/modeler.go:98.68,99.15 1 0
github.com/act3-ai/gnoci/internal/ociutil/model/modeler.go:99.15,101.3 1 0
github.com/act3-ai/gnoci/internal/ociutil/model/modeler.go:103.2,104.16 2 0
github.com/act3-ai/gnoci/internal/ociutil/model/modeler.go:104.16,106.3 1 0
github.com/act3-ai/gnoci/internal/ociutil/model/modeler.go:108.2,110.16 3 0
github.com/act3-ai/gnoci/internal/ociutil/model/modeler.go:110.16,112.3 1 0
github.com/act3-ai/gnoci/internal/ociutil/model/modeler.go:114.2,116.16 3 0
github.com/act3-ai/gnoci/internal/ociutil/model/modeler.go:116.16,118.3 1 0
github.com/act3-ai/gnoci/internal/ociutil/model/modeler.go:120.2,120.55 1 0
github.com/act3-ai/gnoci/internal/ociutil/model/modeler.go:120.55,122.3 1 0
github.com/act3-ai/gnoci/internal/ociutil/model/modeler.go:124.2,126.16 3 0
github.com/act3-ai/gnoci/internal/ociutil/model/modeler.go:126.16,128.3 1 0
github.com/act3-ai/gnoci/internal/ociutil/model/modeler.go:130.2,130.55 1 0
github.com/act3-ai/gnoci/internal/ociutil/model/modeler.go:130.55,132.3 1 0
github.com/act3-ai/gnoci/internal/ociutil/model/modeler.go:134.2,136.12 2 0
github.com/act3-ai/gnoci/internal/ociutil/model/modeler.go:139.77,141.9 2 0
github.com/act3-ai/gnoci/internal/ociutil/model/modeler.go:142.42,154.13 5 0
github.com/act3-ai/gnoci/internal/ociutil/model/modeler.go:155.18,156.57 1 0
github.com/act3-ai/gnoci/internal/ociutil/model/modeler.go:157.10,158.13 1 0
github.com/act3-ai/gnoci/internal/ociutil/model/modeler.go:162.92,163.36 1 0
github.com/act3-ai/gnoci/internal/ociutil/model/modeler.go:163.36,164.26 1 0
github.com/act3-ai/gnoci/internal/ociutil/model/modeler.go:164.26,166.18 2 0
github.com/act3-ai/gnoci/internal/ociutil/model/modeler.go:166.18,168.5 1 0
github.com/act3-ai/gnoci/internal/ociutil/model/modeler.go:169.4,169.18 1 0
github.com/act3-ai/gnoci/internal/ociutil/model/modeler.go:172.2,172.72 1 0
github.com/act3-ai/gnoci/internal/ociutil/model/modeler.go:175.83,181.34 1 0
github.com/act3-ai/gnoci/internal/ociutil/model/modeler.go:181.34,183.97 2 0
github.com/act3-ai/gnoci/internal/ociutil/model/modeler.go:183.97,185.4 1 0
github.com/act3-ai/gnoci/internal/ociutil/model/modeler.go:188.2,189.16 2 0
github.com/act3-ai/gnoci/internal/ociutil/model/modeler.go:189.16,191.3 1 0
github.com/act3-ai/gnoci/internal/ociutil/model/modeler.go:192.2,194.16 3 0
github.com/act3-ai/gnoci/internal/ociutil/model/modeler.go:194.16,196.3 1 0
github.com/act3-ai/gnoci/internal/ociutil/model/modeler.go:198.2,207.16 4 0
github.com/act3-ai/gnoci/internal/ociutil/model/modeler.go:207.16,209.3 1 0
github.com/act3-ai/gnoci/internal/ociutil/model/modeler.go:211.2,211.52 1 0
github.com/act3-ai/gnoci/internal/ociutil/model/modeler.go:211.52,213.3 1 0
github.com/act3-ai/gnoci/internal/ociutil/model/modeler.go:215.2,215.21 1 0
github.com/act3-ai/gnoci/internal/ociutil/model/modeler.go:218.116,222.16 3 0
github.com/act3-ai/gnoci/internal/ociutil/model/modeler.go:222.16,224.3 1 0
github.com/act3-ai/gnoci/internal/ociutil/model/modeler.go:225.2,228.27 3 0
github.com/act3-ai/gnoci/internal/ociutil/model/modeler.go:228.27,229.60 1 0
github.com/act3-ai/gnoci/internal/ociutil/model/modeler.go:229.60,231.4 1 0
github.com/act3-ai/gnoci/internal/ociutil/model/modeler.go:234.2,236.41 2 0
github.com/act3-ai/gnoci/internal/ociutil/model/modeler.go:239.103,240.9 1 0
github.com/act3-ai/gnoci/internal/ociutil/model/modeler.go:241.29,243.13 2 0
github.com/act3-ai/gnoci/internal/ociutil/model/modeler.go:244.26,246.13 2 0
github.com/act3-ai/gnoci/internal/ociutil/model/modeler.go:247.10,249.73 2 0
github.com/act3-ai/gnoci/internal/ociutil/model/modeler.go:253.125,257.9 3 0
github.com/act3-ai/gnoci/internal/ociutil/model/modeler.go:258.26,259.35 1 0
github.com/act3-ai/gnoci/internal/ociutil/model/modeler.go:260.23,261.34 1 0
github.com/act3-ai/gnoci/internal/ociutil/model/modeler.go:262.10,263.86 1 0
github.com/act3-ai/gnoci/internal/ociutil/model/modeler.go:266.2,266.9 1 0
github.com/act3-ai/gnoci/internal/ociutil/model/modeler.go:266.9,268.3 1 0
github.com/act3-ai/gnoci/internal/ociutil/model/modeler.go:269.2,269.93 1 0
github.com/act3-ai/gnoci/internal/ociutil/model/modeler.go:272.86,275.9 2 0
github.com/act3-ai/gnoci/internal/ociutil/model/modeler.go:276.26,278.13 2 0
github.com/act3-ai/gnoci/internal/ociutil/model/modeler.go:279.23,281.13 2 0
github.com/act3-ai/gnoci/internal/ociutil/model/modeler.go:282.10,283.77 1 0
github.com/act3-ai/gnoci/internal/ociutil/model/modeler.go:287.103,290.37 1 0
github.com/act3-ai/gnoci/internal/ociutil/model/modeler.go:290.37,291.49 1 0
github.com/act3-ai/gnoci/internal/ociutil/model/modeler.go:291.49,293.18 2 0
github.com/act3-ai/gnoci/internal/ociutil/model/modeler.go:293.18,295.5 1 0
github.com/act3-ai/gnoci/internal/ociutil/model/modeler.go:297.4,298.18 2 0
github.com/act3-ai/gnoci/internal/ociutil/model/modeler.go:298.18,300.5 1 0
github.com/act3-ai/gnoci/internal/ociutil/model/modeler.go:301.4,301.18 1 0
github.com/act3-ai/gnoci/internal/ociutil/model/modeler.go:301.18,303.5 1 0
github.com/act3-ai/gnoci/internal/ociutil/model/modeler.go:307.2,307.16 1 0
github.com/act3-ai/gnoci/internal/ociutil/model/modeler.go:312.35,314.35 2 0
github.com/act3-ai/gnoci/internal/ociutil/model/modeler.go:314.35,316.3 1 0
github.com/act3-ai/gnoci/internal/ociutil/model/modeler.go:317.2,317.34 1 0
github.com/act3-ai/gnoci/internal/ociutil/model/modeler.go:317.34,319.3 1 0
github.com/act3-ai/gnoci/internal/ociutil/model/modeler.go:323.73,324.24 1 0
github.com/act3-ai/gnoci/internal/ociutil/model/modeler.go:324.24,326.3 1 0
github.com/act3-ai/gnoci/internal/ociutil/model/modeler.go:327.2,327.20 1 0
github.com/act3-ai/gnoci/internal/ociutil/model/modeler.go:330.72,331.23 1 0
github.com/act3-ai/gnoci/internal/ociutil/model/modeler.go:331.23,333.3 1 0
github.com/act3-ai/gnoci/internal/ociutil/model/modeler.go:334.2,334.19 1 0
github.com/act3-ai/gnoci/pkg/apis/gnoci.act3-ai.io/v1alpha1/configuration_types.go:40.47,41.16 1 0
github.com/act3-ai/gnoci/pkg/apis/gnoci.act3-ai.io/v1alpha1/configuration_types.go:41.16,43.3 1 0
github.com/act3-ai/gnoci/pkg/apis/gnoci.act3-ai.io/v1alpha1/configuration_types.go:46.2,51.20 3 0
github.com/act3-ai/gnoci/pkg/apis/gnoci.act3-ai.io/v1alpha1/configuration_types.go:51.20,53.3 1 0
github.com/act3-ai/gnoci/pkg/apis/gnoci.act3-ai.io/v1alpha1/configuration_types.go:57.59,63.2 3 0
github.com/act3-ai/gnoci/pkg/apis/gnoci.act3-ai.io/v1alpha1/configuration_types.go:66.42,69.2 1 0
github.com/act3-ai/gnoci/pkg/apis/gnoci.act3-ai.io/v1alpha1/configuration_types.go:72.46,74.2 1 0
github.com/act3-ai/gnoci/pkg/apis/gnoci.act3-ai.io/v1alpha1/configuration_types.go:77.71,79.16 2 0
github.com/act3-ai/gnoci/pkg/apis/gnoci.act3-ai.io/v1alpha1/configuration_types.go:79.16,81.3 1 0
github.com/act3-ai/gnoci/pkg/apis/gnoci.act3-ai.io/v1alpha1/configuration_types.go:83.2,84.16 2 0
github.com/act3-ai/gnoci/pkg/apis/gnoci.act3-ai.io/v1alpha1/configuration_types.go:84.16,86.3 1 0
github.com/act3-ai/gnoci/pkg/apis/gnoci.act3-ai.io/v1alpha1/configuration_types.go:88.2,88.12 1 0
github.com/act3-ai/gnoci/pkg/apis/gnoci.act3-ai.io/v1alpha1/configuration_types.go:92.78,110.83 3 0
github.com/act3-ai/gnoci/pkg/apis/gnoci.act3-ai.io/v1alpha1/configuration_types.go:110.83,111.13 1 0
github.com/act3-ai/gnoci/pkg/apis/gnoci.act3-ai.io/v1alpha1/configuration_types.go:111.13,113.4 1 0
github.com/act3-ai/gnoci/pkg/apis/gnoci.act3-ai.io/v1alpha1/configuration_types.go:114.3,120.37 2 0
github.com/act3-ai/gnoci/pkg/apis/gnoci.act3-ai.io/v1alpha1/configuration_types.go:123.2,124.16 2 0
github.com/act3-ai/gnoci/pkg/apis/gnoci.act3-ai.io/v1alpha1/configuration_types.go:124.16,126.3 1 0
github.com/act3-ai/gnoci/pkg/apis/gnoci.act3-ai.io/v1alpha1/configuration_types.go:127.2,130.16 3 0
github.com/act3-ai/gnoci/pkg/apis/gnoci.act3-ai.io/v1alpha1/configuration_types.go:130.16,132.3 1 0
github.com/act3-ai/gnoci/pkg/apis/gnoci.act3-ai.io/v1alpha1/configuration_types.go:133.2,148.16 4 0
github.com/act3-ai/gnoci/pkg/apis/gnoci.act3-ai.io/v1alpha1/configuration_types.go:148.16,151.3 2 0
github.com/act3-ai/gnoci/pkg/apis/gnoci.act3-ai.io/v1alpha1/configuration_types.go:153.2,153.25 1 0
github.com/act3-ai/gnoci/pkg/apis/gnoci.act3-ai.io/v1alpha1/scheme.go:23.50,28.62 2 0
github.com/act3-ai/gnoci/pkg/apis/gnoci.act3-ai.io/v1alpha1/scheme.go:28.62,28.107 1 0
github.com/act3-ai/gnoci/pkg/apis/gnoci.act3-ai.io/v1alpha1/scheme.go:29.2,29.12 1 0
github.com/act3-ai/gnoci/pkg/apis/gnoci.act3-ai.io/v1alpha1/zz_generated.deepcopy.go:12.59,16.2 3 0
github.com/act3-ai/gnoci/pkg/apis/gnoci.act3-ai.io/v1alpha1/zz_generated.deepcopy.go:19.52,20.15 1 0
github.com/act3-ai/gnoci/pkg/apis/gnoci.act3-ai.io/v1alpha1/zz_generated.deepcopy.go:20.15,22.3 1 0
github.com/act3-ai/gnoci/pkg/apis/gnoci.act3-ai.io/v1alpha1/zz_generated.deepcopy.go:23.2,25.12 3 0
github.com/act3-ai/gnoci/pkg/apis/gnoci.act3-ai.io/v1alpha1/zz_generated.deepcopy.go:29.58,30.34 1 0
github.com/act3-ai/gnoci/pkg/apis/gnoci.act3-ai.io/v1alpha1/zz_generated.deepcopy.go:30.34,32.3 1 0
github.com/act3-ai/gnoci/pkg/apis/gnoci.act3-ai.io/v1alpha1/zz_generated.deepcopy.go:33.2,33.12 1 0
github.com/act3-ai/gnoci/pkg/apis/gnoci.act3-ai.io/v1alpha1/zz_generated.deepcopy.go:37.67,39.2 1 0
github.com/act3-ai/gnoci/pkg/apis/gnoci.act3-ai.io/v1alpha1/zz_generated.deepcopy.go:42.60,43.15 1 0
github.com/act3-ai/gnoci/pkg/apis/gnoci.act3-ai.io/v1alpha1/zz_generated.deepcopy.go:43.15,45.3 1 0
github.com/act3-ai/gnoci/pkg/apis/gnoci.act3-ai.io/v1alpha1/zz_generated.deepcopy.go:46.2,48.12 3 0
github.com/act3-ai/gnoci/internal/ociutil/httplog.go:28.81,37.13 6 0
github.com/act3-ai/gnoci/internal/ociutil/httplog.go:37.13,38.34 1 0
github.com/act3-ai/gnoci/internal/ociutil/httplog.go:38.34,43.18 3 0
github.com/act3-ai/gnoci/internal/ociutil/httplog.go:43.18,45.5 1 0
github.com/act3-ai/gnoci/internal/ociutil/httplog.go:47.4,47.48 1 0
github.com/act3-ai/gnoci/internal/ociutil/httplog.go:47.48,47.68 1 0
github.com/act3-ai/gnoci/internal/ociutil/httplog.go:50.3,58.17 6 0
github.com/act3-ai/gnoci/internal/ociutil/httplog.go:58.17,60.4 1 0
github.com/act3-ai/gnoci/internal/ociutil/httplog.go:60.9,62.4 1 0
github.com/act3-ai/gnoci/internal/ociutil/httplog.go:65.2,69.28 2 0
github.com/act3-ai/gnoci/internal/ociutil/httplog.go:69.28,75.17 4 0
github.com/act3-ai/gnoci/internal/ociutil/httplog.go:75.17,77.4 1 0
github.com/act3-ai/gnoci/internal/ociutil/httplog.go:77.9,79.4 1 0
github.com/act3-ai/gnoci/internal/ociutil/httplog.go:82.3,82.29 1 0
github.com/act3-ai/gnoci/internal/ociutil/httplog.go:85.2,85.18 1 0
github.com/act3-ai/gnoci/internal/ociutil/httplog.go:95.42,98.36 1 0
github.com/act3-ai/gnoci/internal/ociutil/httplog.go:98.36,100.32 2 0
github.com/act3-ai/gnoci/internal/ociutil/httplog.go:100.32,102.4 1 0
github.com/act3-ai/gnoci/internal/ociutil/httplog.go:105.2,106.31 2 0
github.com/act3-ai/gnoci/internal/ociutil/httplog.go:106.31,108.3 1 0
github.com/act3-ai/gnoci/internal/ociutil/httplog.go:112.38,114.16 2 0
github.com/act3-ai/gnoci/internal/ociutil/httplog.go:114.16,116.3 1 0
github.com/act3-ai/gnoci/internal/ociutil/httplog.go:117.2,119.19 3 0
github.com/act3-ai/gnoci/internal/ociutil/httplog.go:129.67,130.34 1 0
github.com/act3-ai/gnoci/internal/ociutil/httplog.go:130.34,133.3 1 0
github.com/act3-ai/gnoci/internal/ociutil/httplog.go:134.2,135.42 2 0
github.com/act3-ai/gnoci/internal/ociutil/httplog.go:135.42,137.3 1 0
github.com/act3-ai/gnoci/internal/ociutil/httplog.go:138.2,138.33 1 0
github.com/act3-ai/gnoci/internal/ociutil/httplog.go:138.33,140.3 1 0
github.com/act3-ai/gnoci/internal/ociutil/httplog.go:141.2,141.76 1 0
github.com/act3-ai/gnoci/internal/ociutil/remote.go:34.80,36.16 2 0
github.com/act3-ai/gnoci/internal/ociutil/remote.go:36.16,38.3 1 0
github.com/act3-ai/gnoci/internal/ociutil/remote.go:40.2,42.16 3 0
github.com/act3-ai/gnoci/internal/ociutil/remote.go:42.16,44.3 1 0
github.com/act3-ai/gnoci/internal/ociutil/remote.go:46.2,46.58 1 0
github.com/act3-ai/gnoci/internal/ociutil/remote.go:49.150,53.18 3 0
github.com/act3-ai/gnoci/internal/ociutil/remote.go:53.18,56.3 2 0
github.com/act3-ai/gnoci/internal/ociutil/remote.go:56.8,58.3 1 0
github.com/act3-ai/gnoci/internal/ociutil/remote.go:60.2,61.16 2 0
github.com/act3-ai/gnoci/internal/ociutil/remote.go:61.16,63.3 1 0
github.com/act3-ai/gnoci/internal/ociutil/remote.go:66.2,83.16 3 0
github.com/act3-ai/gnoci/internal/ociutil/remote.go:83.16,85.3 1 0
github.com/act3-ai/gnoci/internal/ociutil/remote.go:87.2,88.9 2 0
github.com/act3-ai/gnoci/internal/ociutil/remote.go:88.9,90.3 1 0
github.com/act3-ai/gnoci/internal/ociutil/remote.go:92.2,92.33 1 0
github.com/act3-ai/gnoci/internal/ociutil/remote.go:97.82,114.26 4 0
github.com/act3-ai/gnoci/internal/ociutil/remote.go:114.26,116.17 2 0
github.com/act3-ai/gnoci/internal/ociutil/remote.go:116.17,118.4 1 0
github.com/act3-ai/gnoci/internal/ociutil/remote.go:119.3,119.27 1 0
github.com/act3-ai/gnoci/internal/ociutil/remote.go:122.2,123.16 2 0
github.com/act3-ai/gnoci/internal/ociutil/remote.go:123.16,125.3 1 0
github.com/act3-ai/gnoci/internal/ociutil/remote.go:127.2,132.19 3 0
github.com/act3-ai/gnoci/internal/ociutil/remote.go:132.19,133.100 1 0
github.com/act3-ai/gnoci/internal/ociutil/remote.go:133.100,135.4 1 0
github.com/act3-ai/gnoci/internal/ociutil/remote.go:139.2,148.8 3 0
github.com/act3-ai/gnoci/internal/ociutil/remote.go:156.61,162.33 1 0
github.com/act3-ai/gnoci/internal/ociutil/remote.go:162.33,164.17 2 0
github.com/act3-ai/gnoci/internal/ociutil/remote.go:164.17,165.38 1 0
github.com/act3-ai/gnoci/internal/ociutil/remote.go:165.38,166.13 1 0
github.com/act3-ai/gnoci/internal/ociutil/remote.go:168.4,168.90 1 0
github.com/act3-ai/gnoci/internal/ociutil/remote.go:170.3,170.23 1 0
github.com/act3-ai/gnoci/internal/ociutil/remote.go:172.2,172.16 1 0
github.com/act3-ai/gnoci/internal/ociutil/remote.go:175.66,184.16 6 0
github.com/act3-ai/gnoci/internal/ociutil/remote.go:184.16,186.3 1 0
github.com/act3-ai/gnoci/internal/ociutil/remote.go:188.2,188.19 1 0
github.com/act3-ai/gnoci/internal/ociutil/remote.go:188.19,191.17 2 0
github.com/act3-ai/gnoci/internal/ociutil/remote.go:191.17,192.39 1 0
github.com/act3-ai/gnoci/internal/ociutil/remote.go:192.39,194.5 1 0
github.com/act3-ai/gnoci/internal/ociutil/remote.go:196.3,200.17 3 0
github.com/act3-ai/gnoci/internal/ociutil/remote.go:200.17,201.38 1 0
github.com/act3-ai/gnoci/internal/ociutil/remote.go:201.38,203.5 1 0
github.com/act3-ai/gnoci/internal/ociutil/remote.go:204.4,204.63 1 0
github.com/act3-ai/gnoci/internal/ociutil/remote.go:208.3,208.40 1 0
github.com/act3-ai/gnoci/internal/ociutil/remote.go:212.2,214.20 2 0
github.com/act3-ai/gnoci/internal/ociutil/remote.go:220.57,224.2 1 0
github.com/act3-ai/gnoci/pkg/apis/utils/yaml.go:11.47,14.16 3 0
github.com/act3-ai/gnoci/pkg/apis/utils/yaml.go:14.16,16.3 1 0
github.com/act3-ai/gnoci/pkg/apis/utils/yaml.go:17.2,18.16 2 0
github.com/act3-ai/gnoci/pkg/apis/utils/yaml.go:18.16,20.3 1 0
github.com/act3-ai/gnoci/pkg/apis/utils/yaml.go:21.2,21.26 1 0
